TN:
SF:src\renderer\js\data-manager.js
FN:7,(anonymous_0)
FN:26,(anonymous_1)
FN:33,(anonymous_2)
FN:45,(anonymous_3)
FN:46,(anonymous_4)
FN:113,(anonymous_5)
FN:114,(anonymous_6)
FN:148,(anonymous_7)
FN:149,(anonymous_8)
FN:156,(anonymous_9)
FN:174,(anonymous_10)
FN:175,(anonymous_11)
FN:199,(anonymous_12)
FN:200,(anonymous_13)
FN:225,(anonymous_14)
FN:226,(anonymous_15)
FN:235,(anonymous_16)
FN:236,(anonymous_17)
FN:254,(anonymous_18)
FN:274,(anonymous_19)
FN:275,(anonymous_20)
FN:288,(anonymous_21)
FN:289,(anonymous_22)
FN:309,(anonymous_23)
FN:310,(anonymous_24)
FN:337,(anonymous_25)
FN:338,(anonymous_26)
FN:355,(anonymous_27)
FN:356,(anonymous_28)
FN:364,(anonymous_29)
FN:365,(anonymous_30)
FN:380,(anonymous_31)
FN:393,(anonymous_32)
FN:404,(anonymous_33)
FN:417,(anonymous_34)
FN:436,(anonymous_35)
FN:454,(anonymous_36)
FN:458,(anonymous_37)
FN:465,(anonymous_38)
FN:466,(anonymous_39)
FN:482,(anonymous_40)
FN:483,(anonymous_41)
FN:489,(anonymous_42)
FN:497,(anonymous_43)
FN:508,(anonymous_44)
FN:512,(anonymous_45)
FN:530,(anonymous_46)
FN:539,(anonymous_47)
FN:548,(anonymous_48)
FN:557,(anonymous_49)
FN:566,(anonymous_50)
FN:575,(anonymous_51)
FN:591,(anonymous_52)
FN:599,(anonymous_53)
FN:620,(anonymous_54)
FN:642,(anonymous_55)
FN:671,(anonymous_56)
FN:680,(anonymous_57)
FN:689,(anonymous_58)
FN:701,(anonymous_59)
FN:710,(anonymous_60)
FN:721,(anonymous_61)
FN:729,(anonymous_62)
FN:740,(anonymous_63)
FN:759,(anonymous_64)
FN:773,(anonymous_65)
FN:778,(anonymous_66)
FN:783,(anonymous_67)
FN:810,(anonymous_68)
FN:816,(anonymous_69)
FN:828,(anonymous_70)
FN:839,(anonymous_71)
FN:854,(anonymous_72)
FN:874,(anonymous_73)
FN:878,(anonymous_74)
FN:885,(anonymous_75)
FN:898,(anonymous_76)
FN:914,(anonymous_77)
FN:918,(anonymous_78)
FN:930,(anonymous_79)
FN:932,(anonymous_80)
FN:936,(anonymous_81)
FN:942,(anonymous_82)
FN:952,(anonymous_83)
FN:956,(anonymous_84)
FN:960,(anonymous_85)
FNF:86
FNH:0
FNDA:0,(anonymous_0)
FNDA:0,(anonymous_1)
FNDA:0,(anonymous_2)
FNDA:0,(anonymous_3)
FNDA:0,(anonymous_4)
FNDA:0,(anonymous_5)
FNDA:0,(anonymous_6)
FNDA:0,(anonymous_7)
FNDA:0,(anonymous_8)
FNDA:0,(anonymous_9)
FNDA:0,(anonymous_10)
FNDA:0,(anonymous_11)
FNDA:0,(anonymous_12)
FNDA:0,(anonymous_13)
FNDA:0,(anonymous_14)
FNDA:0,(anonymous_15)
FNDA:0,(anonymous_16)
FNDA:0,(anonymous_17)
FNDA:0,(anonymous_18)
FNDA:0,(anonymous_19)
FNDA:0,(anonymous_20)
FNDA:0,(anonymous_21)
FNDA:0,(anonymous_22)
FNDA:0,(anonymous_23)
FNDA:0,(anonymous_24)
FNDA:0,(anonymous_25)
FNDA:0,(anonymous_26)
FNDA:0,(anonymous_27)
FNDA:0,(anonymous_28)
FNDA:0,(anonymous_29)
FNDA:0,(anonymous_30)
FNDA:0,(anonymous_31)
FNDA:0,(anonymous_32)
FNDA:0,(anonymous_33)
FNDA:0,(anonymous_34)
FNDA:0,(anonymous_35)
FNDA:0,(anonymous_36)
FNDA:0,(anonymous_37)
FNDA:0,(anonymous_38)
FNDA:0,(anonymous_39)
FNDA:0,(anonymous_40)
FNDA:0,(anonymous_41)
FNDA:0,(anonymous_42)
FNDA:0,(anonymous_43)
FNDA:0,(anonymous_44)
FNDA:0,(anonymous_45)
FNDA:0,(anonymous_46)
FNDA:0,(anonymous_47)
FNDA:0,(anonymous_48)
FNDA:0,(anonymous_49)
FNDA:0,(anonymous_50)
FNDA:0,(anonymous_51)
FNDA:0,(anonymous_52)
FNDA:0,(anonymous_53)
FNDA:0,(anonymous_54)
FNDA:0,(anonymous_55)
FNDA:0,(anonymous_56)
FNDA:0,(anonymous_57)
FNDA:0,(anonymous_58)
FNDA:0,(anonymous_59)
FNDA:0,(anonymous_60)
FNDA:0,(anonymous_61)
FNDA:0,(anonymous_62)
FNDA:0,(anonymous_63)
FNDA:0,(anonymous_64)
FNDA:0,(anonymous_65)
FNDA:0,(anonymous_66)
FNDA:0,(anonymous_67)
FNDA:0,(anonymous_68)
FNDA:0,(anonymous_69)
FNDA:0,(anonymous_70)
FNDA:0,(anonymous_71)
FNDA:0,(anonymous_72)
FNDA:0,(anonymous_73)
FNDA:0,(anonymous_74)
FNDA:0,(anonymous_75)
FNDA:0,(anonymous_76)
FNDA:0,(anonymous_77)
FNDA:0,(anonymous_78)
FNDA:0,(anonymous_79)
FNDA:0,(anonymous_80)
FNDA:0,(anonymous_81)
FNDA:0,(anonymous_82)
FNDA:0,(anonymous_83)
FNDA:0,(anonymous_84)
FNDA:0,(anonymous_85)
DA:8,0
DA:10,0
DA:13,0
DA:16,0
DA:19,0
DA:22,0
DA:23,0
DA:27,0
DA:34,0
DA:35,0
DA:37,0
DA:38,0
DA:46,0
DA:47,0
DA:49,0
DA:57,0
DA:60,0
DA:62,0
DA:69,0
DA:71,0
DA:80,0
DA:83,0
DA:85,0
DA:86,0
DA:88,0
DA:94,0
DA:99,0
DA:102,0
DA:114,0
DA:115,0
DA:118,0
DA:120,0
DA:122,0
DA:125,0
DA:127,0
DA:128,0
DA:133,0
DA:134,0
DA:136,0
DA:149,0
DA:150,0
DA:152,0
DA:154,0
DA:156,0
DA:157,0
DA:160,0
DA:163,0
DA:175,0
DA:176,0
DA:179,0
DA:181,0
DA:183,0
DA:184,0
DA:185,0
DA:188,0
DA:200,0
DA:201,0
DA:203,0
DA:205,0
DA:206,0
DA:207,0
DA:210,0
DA:211,0
DA:213,0
DA:226,0
DA:227,0
DA:228,0
DA:236,0
DA:237,0
DA:238,0
DA:240,0
DA:241,0
DA:244,0
DA:255,0
DA:256,0
DA:259,0
DA:262,0
DA:263,0
DA:266,0
DA:267,0
DA:275,0
DA:276,0
DA:278,0
DA:279,0
DA:280,0
DA:282,0
DA:283,0
DA:289,0
DA:290,0
DA:292,0
DA:293,0
DA:294,0
DA:296,0
DA:301,0
DA:310,0
DA:311,0
DA:320,0
DA:321,0
DA:324,0
DA:325,0
DA:327,0
DA:328,0
DA:329,0
DA:331,0
DA:332,0
DA:338,0
DA:340,0
DA:343,0
DA:344,0
DA:347,0
DA:348,0
DA:356,0
DA:357,0
DA:358,0
DA:360,0
DA:365,0
DA:366,0
DA:367,0
DA:368,0
DA:369,0
DA:371,0
DA:373,0
DA:381,0
DA:382,0
DA:384,0
DA:385,0
DA:386,0
DA:387,0
DA:388,0
DA:389,0
DA:390,0
DA:394,0
DA:395,0
DA:397,0
DA:398,0
DA:401,0
DA:405,0
DA:406,0
DA:409,0
DA:410,0
DA:412,0
DA:413,0
DA:418,0
DA:419,0
DA:420,0
DA:421,0
DA:422,0
DA:423,0
DA:424,0
DA:426,0
DA:428,0
DA:429,0
DA:437,0
DA:444,0
DA:447,0
DA:448,0
DA:451,0
DA:455,0
DA:459,0
DA:466,0
DA:467,0
DA:469,0
DA:470,0
DA:471,0
DA:472,0
DA:475,0
DA:483,0
DA:484,0
DA:485,0
DA:487,0
DA:489,0
DA:498,0
DA:499,0
DA:509,0
DA:513,0
DA:516,0
DA:518,0
DA:521,0
DA:524,0
DA:526,0
DA:531,0
DA:532,0
DA:533,0
DA:535,0
DA:540,0
DA:541,0
DA:542,0
DA:544,0
DA:549,0
DA:550,0
DA:551,0
DA:553,0
DA:558,0
DA:559,0
DA:560,0
DA:562,0
DA:567,0
DA:568,0
DA:569,0
DA:571,0
DA:576,0
DA:578,0
DA:579,0
DA:581,0
DA:592,0
DA:593,0
DA:600,0
DA:601,0
DA:602,0
DA:604,0
DA:607,0
DA:609,0
DA:616,0
DA:621,0
DA:622,0
DA:623,0
DA:624,0
DA:625,0
DA:627,0
DA:630,0
DA:631,0
DA:632,0
DA:633,0
DA:635,0
DA:638,0
DA:643,0
DA:644,0
DA:646,0
DA:647,0
DA:648,0
DA:649,0
DA:650,0
DA:651,0
DA:653,0
DA:654,0
DA:664,0
DA:669,0
DA:672,0
DA:676,0
DA:681,0
DA:682,0
DA:683,0
DA:685,0
DA:690,0
DA:691,0
DA:692,0
DA:697,0
DA:702,0
DA:703,0
DA:704,0
DA:706,0
DA:711,0
DA:712,0
DA:714,0
DA:715,0
DA:716,0
DA:717,0
DA:721,0
DA:723,0
DA:725,0
DA:741,0
DA:742,0
DA:746,0
DA:747,0
DA:748,0
DA:749,0
DA:753,0
DA:754,0
DA:755,0
DA:756,0
DA:760,0
DA:761,0
DA:764,0
DA:765,0
DA:768,0
DA:769,0
DA:774,0
DA:775,0
DA:778,0
DA:779,0
DA:784,0
DA:785,0
DA:788,0
DA:789,0
DA:790,0
DA:791,0
DA:795,0
DA:796,0
DA:797,0
DA:798,0
DA:802,0
DA:803,0
DA:804,0
DA:805,0
DA:811,0
DA:812,0
DA:816,0
DA:817,0
DA:818,0
DA:819,0
DA:821,0
DA:822,0
DA:829,0
DA:830,0
DA:834,0
DA:835,0
DA:840,0
DA:841,0
DA:845,0
DA:848,0
DA:849,0
DA:855,0
DA:856,0
DA:859,0
DA:860,0
DA:863,0
DA:864,0
DA:875,0
DA:879,0
DA:880,0
DA:882,0
DA:886,0
DA:888,0
DA:889,0
DA:892,0
DA:898,0
DA:913,0
DA:914,0
DA:919,0
DA:920,0
DA:923,0
DA:924,0
DA:927,0
DA:931,0
DA:932,0
DA:933,0
DA:937,0
DA:940,0
DA:941,0
DA:942,0
DA:943,0
DA:944,0
DA:949,0
DA:953,0
DA:956,0
DA:957,0
DA:960,0
DA:961,0
DA:963,0
DA:968,0
DA:969,0
DA:970,0
DA:971,0
DA:972,0
DA:973,0
LF:355
LH:0
BRDA:34,0,0,0
BRDA:34,0,1,0
BRDA:45,1,0,0
BRDA:85,2,0,0
BRDA:85,2,1,0
BRDA:113,3,0,0
BRDA:120,4,0,0
BRDA:120,4,1,0
BRDA:133,5,0,0
BRDA:133,5,1,0
BRDA:136,6,0,0
BRDA:136,6,1,0
BRDA:154,7,0,0
BRDA:154,7,1,0
BRDA:181,8,0,0
BRDA:181,8,1,0
BRDA:181,9,0,0
BRDA:181,9,1,0
BRDA:205,10,0,0
BRDA:205,10,1,0
BRDA:206,11,0,0
BRDA:206,11,1,0
BRDA:213,12,0,0
BRDA:213,12,1,0
BRDA:228,13,0,0
BRDA:228,13,1,0
BRDA:240,14,0,0
BRDA:240,14,1,0
BRDA:255,15,0,0
BRDA:255,15,1,0
BRDA:262,16,0,0
BRDA:262,16,1,0
BRDA:266,17,0,0
BRDA:266,17,1,0
BRDA:278,18,0,0
BRDA:278,18,1,0
BRDA:292,19,0,0
BRDA:292,19,1,0
BRDA:309,20,0,0
BRDA:320,21,0,0
BRDA:320,21,1,0
BRDA:327,22,0,0
BRDA:327,22,1,0
BRDA:343,23,0,0
BRDA:343,23,1,0
BRDA:357,24,0,0
BRDA:357,24,1,0
BRDA:366,25,0,0
BRDA:366,25,1,0
BRDA:368,26,0,0
BRDA:368,26,1,0
BRDA:393,27,0,0
BRDA:401,28,0,0
BRDA:401,28,1,0
BRDA:405,29,0,0
BRDA:405,29,1,0
BRDA:405,30,0,0
BRDA:405,30,1,0
BRDA:436,31,0,0
BRDA:447,32,0,0
BRDA:447,32,1,0
BRDA:454,33,0,0
BRDA:469,34,0,0
BRDA:469,34,1,0
BRDA:489,35,0,0
BRDA:489,35,1,0
BRDA:512,36,0,0
BRDA:516,37,0,0
BRDA:516,37,1,0
BRDA:530,38,0,0
BRDA:579,39,0,0
BRDA:579,39,1,0
BRDA:599,40,0,0
BRDA:602,41,0,0
BRDA:602,41,1,0
BRDA:620,42,0,0
BRDA:622,43,0,0
BRDA:622,43,1,0
BRDA:624,44,0,0
BRDA:624,44,1,0
BRDA:631,45,0,0
BRDA:631,45,1,0
BRDA:631,46,0,0
BRDA:631,46,1,0
BRDA:648,47,0,0
BRDA:648,47,1,0
BRDA:648,48,0,0
BRDA:648,48,1,0
BRDA:653,49,0,0
BRDA:653,49,1,0
BRDA:653,50,0,0
BRDA:653,50,1,0
BRDA:694,51,0,0
BRDA:694,51,1,0
BRDA:716,52,0,0
BRDA:716,52,1,0
BRDA:716,53,0,0
BRDA:716,53,1,0
BRDA:741,54,0,0
BRDA:741,54,1,0
BRDA:741,55,0,0
BRDA:741,55,1,0
BRDA:748,56,0,0
BRDA:748,56,1,0
BRDA:760,57,0,0
BRDA:760,57,1,0
BRDA:760,58,0,0
BRDA:760,58,1,0
BRDA:764,59,0,0
BRDA:764,59,1,0
BRDA:764,60,0,0
BRDA:764,60,1,0
BRDA:768,61,0,0
BRDA:768,61,1,0
BRDA:768,62,0,0
BRDA:768,62,1,0
BRDA:774,63,0,0
BRDA:774,63,1,0
BRDA:784,64,0,0
BRDA:784,64,1,0
BRDA:784,65,0,0
BRDA:784,65,1,0
BRDA:790,66,0,0
BRDA:790,66,1,0
BRDA:795,67,0,0
BRDA:795,67,1,0
BRDA:797,68,0,0
BRDA:797,68,1,0
BRDA:797,69,0,0
BRDA:797,69,1,0
BRDA:802,70,0,0
BRDA:802,70,1,0
BRDA:804,71,0,0
BRDA:804,71,1,0
BRDA:804,72,0,0
BRDA:804,72,1,0
BRDA:804,72,2,0
BRDA:811,73,0,0
BRDA:811,73,1,0
BRDA:811,74,0,0
BRDA:811,74,1,0
BRDA:817,75,0,0
BRDA:817,75,1,0
BRDA:817,76,0,0
BRDA:817,76,1,0
BRDA:817,76,2,0
BRDA:818,77,0,0
BRDA:818,77,1,0
BRDA:818,78,0,0
BRDA:818,78,1,0
BRDA:818,78,2,0
BRDA:821,79,0,0
BRDA:821,79,1,0
BRDA:821,80,0,0
BRDA:821,80,1,0
BRDA:821,80,2,0
BRDA:829,81,0,0
BRDA:829,81,1,0
BRDA:829,82,0,0
BRDA:829,82,1,0
BRDA:834,83,0,0
BRDA:834,83,1,0
BRDA:834,84,0,0
BRDA:834,84,1,0
BRDA:840,85,0,0
BRDA:840,85,1,0
BRDA:840,86,0,0
BRDA:840,86,1,0
BRDA:845,87,0,0
BRDA:845,87,1,0
BRDA:848,88,0,0
BRDA:848,88,1,0
BRDA:855,89,0,0
BRDA:855,89,1,0
BRDA:855,90,0,0
BRDA:855,90,1,0
BRDA:859,91,0,0
BRDA:859,91,1,0
BRDA:863,92,0,0
BRDA:863,92,1,0
BRDA:863,93,0,0
BRDA:863,93,1,0
BRDA:879,94,0,0
BRDA:879,94,1,0
BRDA:886,95,0,0
BRDA:886,95,1,0
BRDA:888,96,0,0
BRDA:888,96,1,0
BRDA:899,97,0,0
BRDA:899,97,1,0
BRDA:900,98,0,0
BRDA:900,98,1,0
BRDA:901,99,0,0
BRDA:901,99,1,0
BRDA:902,100,0,0
BRDA:902,100,1,0
BRDA:903,101,0,0
BRDA:903,101,1,0
BRDA:904,102,0,0
BRDA:904,102,1,0
BRDA:905,103,0,0
BRDA:905,103,1,0
BRDA:906,104,0,0
BRDA:906,104,1,0
BRDA:907,105,0,0
BRDA:907,105,1,0
BRDA:908,106,0,0
BRDA:908,106,1,0
BRDA:909,107,0,0
BRDA:909,107,1,0
BRDA:910,108,0,0
BRDA:910,108,1,0
BRDA:919,109,0,0
BRDA:919,109,1,0
BRDA:923,110,0,0
BRDA:923,110,1,0
BRDA:923,111,0,0
BRDA:923,111,1,0
BRDA:923,111,2,0
BRDA:931,112,0,0
BRDA:931,112,1,0
BRDA:933,113,0,0
BRDA:933,113,1,0
BRDA:937,114,0,0
BRDA:937,114,1,0
BRDA:940,115,0,0
BRDA:940,115,1,0
BRDA:941,116,0,0
BRDA:941,116,1,0
BRDA:943,117,0,0
BRDA:943,117,1,0
BRDA:953,118,0,0
BRDA:953,118,1,0
BRDA:957,119,0,0
BRDA:957,119,1,0
BRDA:961,120,0,0
BRDA:961,120,1,0
BRDA:968,121,0,0
BRDA:968,121,1,0
BRF:239
BRH:0
end_of_record
TN:
SF:src\renderer\js\main.js
FN:10,(anonymous_0)
FN:42,(anonymous_1)
FN:47,(anonymous_2)
FN:53,(anonymous_3)
FN:59,(anonymous_4)
FN:71,(anonymous_5)
FNF:6
FNH:0
FNDA:0,(anonymous_0)
FNDA:0,(anonymous_1)
FNDA:0,(anonymous_2)
FNDA:0,(anonymous_3)
FNDA:0,(anonymous_4)
FNDA:0,(anonymous_5)
DA:7,0
DA:10,0
DA:11,0
DA:12,0
DA:15,0
DA:16,0
DA:18,0
DA:22,0
DA:25,0
DA:27,0
DA:30,0
DA:33,0
DA:34,0
DA:36,0
DA:42,0
DA:43,0
DA:47,0
DA:48,0
DA:49,0
DA:50,0
DA:53,0
DA:55,0
DA:59,0
DA:60,0
DA:63,0
DA:64,0
DA:65,0
DA:66,0
DA:71,0
DA:72,0
DA:74,0
DA:75,0
DA:79,0
LF:33
LH:0
BRDA:15,0,0,0
BRDA:15,0,1,0
BRDA:33,1,0,0
BRDA:33,1,1,0
BRDA:48,2,0,0
BRDA:48,2,1,0
BRDA:63,3,0,0
BRDA:63,3,1,0
BRDA:65,4,0,0
BRDA:65,4,1,0
BRDA:74,5,0,0
BRDA:74,5,1,0
BRF:12
BRH:0
end_of_record
TN:
SF:src\renderer\js\xlsx.full.min.js
FN:2,(anonymous_0)
FN:2,(anonymous_1)
FN:2,(anonymous_2)
FN:2,(anonymous_3)
FN:2,(anonymous_4)
FN:2,(anonymous_5)
FN:2,(anonymous_6)
FN:2,(anonymous_7)
FN:2,(anonymous_8)
FN:2,(anonymous_9)
FN:2,(anonymous_10)
FN:2,(anonymous_11)
FN:2,(anonymous_12)
FN:4,(anonymous_13)
FN:5,(anonymous_14)
FN:6,(anonymous_15)
FN:6,(anonymous_16)
FN:6,(anonymous_17)
FN:6,(anonymous_18)
FN:6,(anonymous_19)
FN:6,(anonymous_20)
FN:6,(anonymous_21)
FN:6,(anonymous_22)
FN:6,(anonymous_23)
FN:6,(anonymous_24)
FN:6,(anonymous_25)
FN:6,(anonymous_26)
FN:6,(anonymous_27)
FN:7,(anonymous_28)
FN:7,(anonymous_29)
FN:7,(anonymous_30)
FN:7,(anonymous_31)
FN:7,(anonymous_32)
FN:7,(anonymous_33)
FN:7,F
FN:7,P
FN:7,(anonymous_36)
FN:7,(anonymous_37)
FN:7,(anonymous_38)
FN:7,L
FN:7,M
FN:7,a
FN:8,U
FN:8,f
FN:8,B
FN:8,l
FN:8,W
FN:8,l
FN:8,H
FN:8,z
FN:8,V
FN:8,(anonymous_51)
FN:8,G
FN:8,j
FN:8,X
FN:8,$
FN:8,Y
FN:8,make_xlsx_lib
FN:8,(anonymous_58)
FN:8,f
FN:8,(anonymous_60)
FN:8,l
FN:8,c
FN:8,h
FN:8,u
FN:8,(anonymous_65)
FN:8,Yw
FN:8,Kw
FN:8,(anonymous_68)
FN:8,(anonymous_69)
FN:8,Jw
FN:8,qw
FN:8,w
FN:8,k
FN:8,(anonymous_74)
FN:8,(anonymous_75)
FN:8,(anonymous_76)
FN:8,(anonymous_77)
FN:8,E
FN:8,C
FN:8,Zw
FN:8,(anonymous_81)
FN:8,S
FN:8,_
FN:8,(anonymous_84)
FN:8,x
FN:8,O
FN:8,(anonymous_87)
FN:8,(anonymous_88)
FN:8,(anonymous_89)
FN:8,(anonymous_90)
FN:8,I
FN:8,F
FN:8,P
FN:8,L
FN:8,M
FN:8,U
FN:8,B
FN:8,H
FN:8,z
FN:8,j
FN:8,J
FN:8,q
FN:8,re
FN:8,te
FN:8,ae
FN:8,ne
FN:8,ie
FN:8,se
FN:8,fe
FN:8,oe
FN:8,le
FN:8,ce
FN:8,ue
FN:8,de
FN:8,ve
FN:8,(anonymous_116)
FN:8,ge
FN:8,me
FN:8,Te
FN:8,Ae
FN:8,Ee
FN:8,Ce
FN:8,ye
FN:8,Se
FN:8,(anonymous_125)
FN:8,(anonymous_126)
FN:8,(anonymous_127)
FN:8,_e
FN:8,xe
FN:8,Oe
FN:8,(anonymous_131)
FN:8,Re
FN:8,(anonymous_133)
FN:8,(anonymous_134)
FN:8,(anonymous_135)
FN:8,Ie
FN:8,Ne
FN:8,Fe
FN:8,Pe
FN:9,Me
FN:9,Ue
FN:9,Be
FN:9,We
FN:9,He
FN:9,ze
FN:9,Qw
FN:9,Xe
FN:9,$e
FN:9,(anonymous_149)
FN:9,(anonymous_150)
FN:9,r
FN:9,a
FN:9,k
FN:9,T
FN:9,A
FN:9,ek
FN:9,r
FN:9,t
FN:9,a
FN:9,n
FN:9,i
FN:9,s
FN:9,o
FN:9,l
FN:9,c
FN:9,h
FN:9,u
FN:9,d
FN:9,v
FN:9,p
FN:9,g
FN:9,m
FN:9,b
FN:9,S
FN:9,_
FN:9,x
FN:9,O
FN:9,I
FN:9,F
FN:9,(anonymous_180)
FN:9,P
FN:9,(anonymous_182)
FN:9,(anonymous_183)
FN:9,L
FN:9,(anonymous_185)
FN:9,(anonymous_186)
FN:9,V
FN:9,G
FN:9,j
FN:9,$
FN:9,Y
FN:9,K
FN:9,Q
FN:9,ae
FN:9,ne
FN:9,ie
FN:9,se
FN:9,fe
FN:9,oe
FN:9,le
FN:9,ce
FN:9,he
FN:9,ue
FN:9,de
FN:9,ve
FN:9,pe
FN:9,ge
FN:9,(anonymous_208)
FN:9,$e
FN:9,n
FN:9,i
FN:9,s
FN:9,Te
FN:9,_e
FN:9,xe
FN:9,Oe
FN:9,Re
FN:9,Ie
FN:9,Ne
FN:9,De
FN:10,Pe
FN:10,Le
FN:10,Me
FN:10,(anonymous_224)
FN:10,Ue
FN:10,(anonymous_226)
FN:10,Be
FN:10,We
FN:10,He
FN:10,(anonymous_230)
FN:10,(anonymous_231)
FN:10,ze
FN:10,Ve
FN:10,Ge
FN:10,je
FN:10,Xe
FN:10,Ze
FN:10,Qe
FN:10,(anonymous_239)
FN:10,(anonymous_240)
FN:10,er
FN:10,rr
FN:10,tr
FN:10,ar
FN:10,nr
FN:10,ir
FN:10,fr
FN:10,hr
FN:10,ur
FN:10,gr
FN:10,mr
FN:10,(anonymous_252)
FN:10,br
FN:10,wr
FN:10,kr
FN:10,(anonymous_256)
FN:10,(anonymous_257)
FN:10,Ar
FN:10,(anonymous_259)
FN:10,r
FN:10,Cr
FN:10,yr
FN:10,Sr
FN:10,_r
FN:10,xr
FN:10,Or
FN:10,Rr
FN:10,Ir
FN:10,Nr
FN:10,Dr
FN:10,Fr
FN:10,Pr
FN:10,Lr
FN:10,Gr
FN:10,jr
FN:10,(anonymous_276)
FN:10,t
FN:10,(anonymous_278)
FN:10,(anonymous_279)
FN:10,qr
FN:10,(anonymous_281)
FN:10,(anonymous_282)
FN:10,Zr
FN:10,et
FN:10,(anonymous_285)
FN:10,(anonymous_286)
FN:10,rt
FN:10,(anonymous_288)
FN:10,(anonymous_289)
FN:10,(anonymous_290)
FN:10,r
FN:10,t
FN:10,at
FN:10,nt
FN:10,it
FN:10,st
FN:10,ft
FN:10,(anonymous_298)
FN:10,(anonymous_299)
FN:10,(anonymous_300)
FN:10,r
FN:10,(anonymous_302)
FN:10,(anonymous_303)
FN:10,r
FN:10,(anonymous_305)
FN:10,r
FN:10,gt
FN:10,(anonymous_308)
FN:10,bt
FN:10,wt
FN:10,(anonymous_311)
FN:10,kt
FN:10,Tt
FN:10,At
FN:10,Et
FN:10,xt
FN:10,Ot
FN:10,(anonymous_318)
FN:10,(anonymous_319)
FN:10,(anonymous_320)
FN:10,(anonymous_321)
FN:10,(anonymous_322)
FN:10,(anonymous_323)
FN:10,(anonymous_324)
FN:10,(anonymous_325)
FN:10,rk
FN:10,(anonymous_327)
FN:10,(anonymous_328)
FN:10,(anonymous_329)
FN:10,tk
FN:10,(anonymous_331)
FN:10,(anonymous_332)
FN:10,ak
FN:10,nk
FN:10,ik
FN:10,sk
FN:10,fk
FN:10,ok
FN:10,lk
FN:10,ck
FN:10,qt
FN:10,(anonymous_342)
FN:10,(anonymous_343)
FN:10,(anonymous_344)
FN:10,(anonymous_345)
FN:10,(anonymous_346)
FN:10,(anonymous_347)
FN:10,(anonymous_348)
FN:10,(anonymous_349)
FN:10,(anonymous_350)
FN:10,(anonymous_351)
FN:10,(anonymous_352)
FN:10,(anonymous_353)
FN:10,(anonymous_354)
FN:10,na
FN:10,(anonymous_356)
FN:10,(anonymous_357)
FN:10,(anonymous_358)
FN:10,oa
FN:10,la
FN:10,ca
FN:10,ha
FN:10,ua
FN:10,da
FN:10,va
FN:10,o
FN:10,l
FN:10,c
FN:10,h
FN:10,u
FN:10,pa
FN:10,ga
FN:10,ma
FN:10,ba
FN:10,wa
FN:11,ka
FN:11,Ta
FN:11,Aa
FN:11,Ea
FN:11,Ca
FN:11,ya
FN:11,Sa
FN:11,_a
FN:11,xa
FN:11,Oa
FN:11,Ra
FN:11,Ia
FN:11,Na
FN:11,Da
FN:11,Fa
FN:11,Pa
FN:11,La
FN:11,Ma
FN:11,Ua
FN:11,Ba
FN:11,Wa
FN:11,Ha
FN:11,za
FN:11,Va
FN:11,Ga
FN:11,ja
FN:11,Xa
FN:11,Ya
FN:11,Ka
FN:11,Ja
FN:11,qa
FN:11,Za
FN:11,rn
FN:11,tn
FN:11,fn
FN:11,on
FN:11,ln
FN:11,cn
FN:11,dn
FN:11,vn
FN:11,pn
FN:11,gn
FN:11,mn
FN:11,bn
FN:11,wn
FN:11,kn
FN:11,Tn
FN:11,Hn
FN:11,(anonymous_424)
FN:11,Yn
FN:11,Kn
FN:11,(anonymous_427)
FN:11,Jn
FN:11,(anonymous_429)
FN:11,(anonymous_430)
FN:11,(anonymous_431)
FN:11,(anonymous_432)
FN:11,(anonymous_433)
FN:11,(anonymous_434)
FN:11,Zn
FN:11,Qn
FN:11,(anonymous_437)
FN:11,ei
FN:11,(anonymous_439)
FN:11,ri
FN:11,ai
FN:11,ni
FN:11,ii
FN:11,si
FN:11,fi
FN:11,oi
FN:11,(anonymous_447)
FN:11,hi
FN:11,ui
FN:11,di
FN:11,gi
FN:11,(anonymous_452)
FN:11,(anonymous_453)
FN:11,mi
FN:11,(anonymous_455)
FN:11,bi
FN:11,(anonymous_457)
FN:11,(anonymous_458)
FN:11,ki
FN:11,Ti
FN:11,a
FN:12,Ci
FN:12,yi
FN:12,(anonymous_464)
FN:12,(anonymous_465)
FN:12,Si
FN:12,(anonymous_467)
FN:12,(anonymous_468)
FN:12,_i
FN:12,xi
FN:12,Oi
FN:12,Ri
FN:12,Ii
FN:12,Ni
FN:12,Di
FN:12,Fi
FN:12,Pi
FN:12,Li
FN:12,Mi
FN:12,Ui
FN:12,Bi
FN:12,Wi
FN:12,Hi
FN:12,zi
FN:12,Vi
FN:12,(anonymous_486)
FN:12,ji
FN:12,Xi
FN:12,$i
FN:12,Yi
FN:12,Ki
FN:12,Ji
FN:12,qi
FN:12,Zi
FN:12,Qi
FN:12,es
FN:12,rs
FN:12,ts
FN:12,as
FN:12,ns
FN:12,is
FN:12,ss
FN:12,fs
FN:12,os
FN:12,ls
FN:12,cs
FN:12,hs
FN:12,us
FN:12,ds
FN:12,vs
FN:12,ps
FN:12,gs
FN:12,ms
FN:12,bs
FN:12,ws
FN:12,ks
FN:12,Ts
FN:12,As
FN:12,Es
FN:12,Cs
FN:12,ys
FN:12,Ss
FN:12,_s
FN:12,xs
FN:12,Os
FN:12,Rs
FN:12,Is
FN:12,Ds
FN:12,Fs
FN:12,Ps
FN:12,Ls
FN:12,Us
FN:12,Bs
FN:12,Ws
FN:12,Hs
FN:12,zs
FN:12,Vs
FN:12,Gs
FN:12,js
FN:12,Xs
FN:12,$s
FN:12,Ys
FN:12,(anonymous_543)
FN:12,Ks
FN:12,Js
FN:12,qs
FN:12,Zs
FN:12,Qs
FN:12,ef
FN:12,rf
FN:12,tf
FN:12,af
FN:12,nf
FN:12,sf
FN:12,ff
FN:12,of
FN:12,lf
FN:12,cf
FN:12,hf
FN:12,uf
FN:12,df
FN:12,pf
FN:12,gf
FN:12,mf
FN:12,bf
FN:12,wf
FN:12,kf
FN:12,Tf
FN:12,Af
FN:12,Ef
FN:12,Cf
FN:12,yf
FN:12,Sf
FN:12,_f
FN:12,xf
FN:12,Rf
FN:12,If
FN:12,Df
FN:12,Ff
FN:12,Pf
FN:12,Lf
FN:12,Mf
FN:12,Uf
FN:12,Bf
FN:12,Wf
FN:12,Hf
FN:12,zf
FN:12,Vf
FN:12,Gf
FN:12,(anonymous_590)
FN:12,Xf
FN:12,$f
FN:12,Yf
FN:12,Kf
FN:12,Jf
FN:12,qf
FN:12,Zf
FN:12,Qf
FN:12,eo
FN:12,ro
FN:12,to
FN:12,ao
FN:12,no
FN:12,io
FN:12,so
FN:12,fo
FN:12,ho
FN:12,uo
FN:12,vo
FN:12,po
FN:12,go
FN:12,mo
FN:12,bo
FN:12,wo
FN:12,ko
FN:12,(anonymous_616)
FN:12,n
FN:13,i
FN:13,(anonymous_619)
FN:13,s
FN:13,l
FN:13,(anonymous_622)
FN:13,(anonymous_623)
FN:13,(anonymous_624)
FN:13,i
FN:13,s
FN:13,(anonymous_627)
FN:13,f
FN:13,(anonymous_629)
FN:13,l
FN:13,c
FN:13,h
FN:13,(anonymous_633)
FN:13,u
FN:13,(anonymous_635)
FN:13,d
FN:13,(anonymous_637)
FN:13,e
FN:13,r
FN:13,t
FN:13,a
FN:13,(anonymous_642)
FN:13,t
FN:13,a
FN:13,n
FN:13,(anonymous_646)
FN:13,e
FN:13,r
FN:13,t
FN:13,a
FN:13,n
FN:13,l
FN:13,c
FN:13,(anonymous_654)
FN:13,e
FN:13,r
FN:13,i
FN:13,(anonymous_658)
FN:13,s
FN:13,b
FN:13,f
FN:13,o
FN:13,l
FN:13,c
FN:13,_o
FN:13,(anonymous_666)
FN:13,e
FN:13,r
FN:13,t
FN:13,(anonymous_670)
FN:13,(anonymous_671)
FN:13,a
FN:13,n
FN:13,i
FN:13,s
FN:13,f
FN:13,l
FN:13,c
FN:13,h
FN:13,u
FN:13,d
FN:13,v
FN:13,p
FN:13,m
FN:13,b
FN:13,w
FN:13,E
FN:13,C
FN:13,S
FN:13,_
FN:13,x
FN:13,O
FN:13,R
FN:13,I
FN:13,N
FN:13,D
FN:13,F
FN:13,P
FN:13,L
FN:13,M
FN:13,U
FN:13,B
FN:13,Oo
FN:14,(anonymous_704)
FN:14,t
FN:14,i
FN:14,(anonymous_707)
FN:14,hk
FN:14,r
FN:14,t
FN:14,a
FN:14,Po
FN:14,Bo
FN:14,Ho
FN:14,zo
FN:14,Vo
FN:14,n
FN:14,Go
FN:14,Xo
FN:14,$o
FN:14,Yo
FN:14,Ko
FN:14,Jo
FN:14,qo
FN:14,Zo
FN:14,Qo
FN:14,el
FN:14,rl
FN:14,tl
FN:14,al
FN:14,nl
FN:14,il
FN:14,sl
FN:14,n
FN:14,(anonymous_735)
FN:14,fl
FN:14,ol
FN:14,ll
FN:14,(anonymous_739)
FN:14,(anonymous_740)
FN:14,(anonymous_741)
FN:14,(anonymous_742)
FN:14,(anonymous_743)
FN:14,(anonymous_744)
FN:14,(anonymous_745)
FN:14,(anonymous_746)
FN:14,dl
FN:14,vl
FN:14,pl
FN:14,(anonymous_750)
FN:14,e
FN:14,r
FN:14,(anonymous_753)
FN:14,t
FN:14,a
FN:14,ml
FN:14,bl
FN:14,wl
FN:14,kl
FN:14,Tl
FN:14,Sl
FN:14,_l
FN:14,xl
FN:14,Ol
FN:14,Rl
FN:14,Il
FN:14,Fl
FN:14,Pl
FN:14,Ml
FN:14,(anonymous_770)
FN:14,Ul
FN:14,(anonymous_772)
FN:14,Bl
FN:14,(anonymous_774)
FN:14,Wl
FN:14,Hl
FN:14,(anonymous_777)
FN:14,Gl
FN:14,(anonymous_779)
FN:14,jl
FN:14,(anonymous_781)
FN:14,uk
FN:14,i
FN:14,$l
FN:14,Yl
FN:14,Kl
FN:14,Jl
FN:14,ql
FN:14,rc
FN:14,tc
FN:14,ac
FN:14,nc
FN:14,sc
FN:14,fc
FN:14,oc
FN:14,lc
FN:14,f
FN:14,cc
FN:14,(anonymous_799)
FN:14,(anonymous_800)
FN:14,hc
FN:14,uc
FN:14,dc
FN:14,vc
FN:14,pc
FN:14,(anonymous_806)
FN:14,gc
FN:14,mc
FN:14,bc
FN:14,wc
FN:14,kc
FN:14,Ac
FN:14,(anonymous_813)
FN:14,Ec
FN:14,Cc
FN:14,xc
FN:14,(anonymous_817)
FN:14,Rc
FN:14,Ic
FN:15,Nc
FN:15,Dc
FN:15,Fc
FN:15,Pc
FN:15,Lc
FN:15,Mc
FN:15,Uc
FN:15,Bc
FN:15,(anonymous_828)
FN:15,Wc
FN:15,Hc
FN:15,zc
FN:15,Vc
FN:15,Gc
FN:15,jc
FN:15,Xc
FN:15,$c
FN:15,(anonymous_837)
FN:15,(anonymous_838)
FN:15,Yc
FN:15,Kc
FN:15,(anonymous_841)
FN:15,Jc
FN:15,qc
FN:15,(anonymous_844)
FN:15,Zc
FN:15,Qc
FN:15,i
FN:15,eh
FN:15,rh
FN:15,f
FN:15,th
FN:15,nh
FN:15,(anonymous_853)
FN:15,ih
FN:15,(anonymous_855)
FN:15,sh
FN:15,(anonymous_857)
FN:15,(anonymous_858)
FN:15,fh
FN:15,(anonymous_860)
FN:15,(anonymous_861)
FN:15,(anonymous_862)
FN:15,(anonymous_863)
FN:15,oh
FN:15,s
FN:15,lh
FN:15,(anonymous_867)
FN:15,(anonymous_868)
FN:15,ch
FN:15,n
FN:15,hh
FN:15,(anonymous_872)
FN:15,uh
FN:15,dh
FN:15,ph
FN:15,gh
FN:15,s
FN:15,mh
FN:15,(anonymous_879)
FN:15,(anonymous_880)
FN:15,(anonymous_881)
FN:15,(anonymous_882)
FN:15,wh
FN:15,(anonymous_884)
FN:15,kh
FN:15,(anonymous_886)
FN:15,Ah
FN:15,Eh
FN:15,Ch
FN:15,yh
FN:15,(anonymous_891)
FN:15,t
FN:15,a
FN:15,(anonymous_894)
FN:15,e
FN:15,(anonymous_896)
FN:15,Oh
FN:15,(anonymous_898)
FN:15,Rh
FN:15,Ih
FN:15,Nh
FN:15,Dh
FN:15,Fh
FN:15,Ph
FN:15,Lh
FN:15,Mh
FN:15,Uh
FN:15,Bh
FN:15,Wh
FN:15,Hh
FN:15,zh
FN:15,Vh
FN:15,Gh
FN:15,jh
FN:15,Xh
FN:15,$h
FN:15,Yh
FN:15,Kh
FN:15,Jh
FN:15,qh
FN:15,Zh
FN:15,Qh
FN:15,eu
FN:15,ru
FN:15,tu
FN:15,au
FN:15,nu
FN:15,iu
FN:15,su
FN:15,fu
FN:15,ou
FN:15,lu
FN:15,cu
FN:15,hu
FN:15,uu
FN:15,du
FN:15,vu
FN:15,pu
FN:15,gu
FN:15,mu
FN:15,bu
FN:15,wu
FN:15,ku
FN:15,Tu
FN:15,Au
FN:15,Eu
FN:15,Cu
FN:15,yu
FN:15,Su
FN:15,Ru
FN:15,Iu
FN:15,Lu
FN:15,Vu
FN:15,Gu
FN:15,ju
FN:15,Xu
FN:15,$u
FN:15,Yu
FN:15,Ku
FN:15,ed
FN:15,rd
FN:15,td
FN:15,nd
FN:15,id
FN:16,(anonymous_965)
FN:16,sd
FN:16,fd
FN:16,od
FN:16,ld
FN:16,cd
FN:16,hd
FN:16,ud
FN:16,dd
FN:16,vd
FN:16,pd
FN:16,gd
FN:16,Cd
FN:16,(anonymous_978)
FN:16,yd
FN:16,Sd
FN:16,_d
FN:16,Id
FN:16,Nd
FN:16,Dd
FN:16,Fd
FN:16,Pd
FN:16,Ld
FN:16,Md
FN:16,Yd
FN:16,Kd
FN:16,Jd
FN:16,qd
FN:16,Zd
FN:16,rv
FN:16,(anonymous_995)
FN:16,(anonymous_996)
FN:16,tv
FN:16,av
FN:16,(anonymous_999)
FN:16,nv
FN:16,iv
FN:16,sv
FN:16,fv
FN:16,ov
FN:16,cv
FN:16,(anonymous_1006)
FN:16,hv
FN:16,uv
FN:16,(anonymous_1009)
FN:17,f
FN:17,vv
FN:17,pv
FN:17,(anonymous_1013)
FN:17,gv
FN:17,mv
FN:17,bv
FN:17,Tv
FN:17,Av
FN:17,Ev
FN:17,Cv
FN:17,yv
FN:17,Sv
FN:17,_v
FN:17,xv
FN:17,Ov
FN:17,Rv
FN:17,Iv
FN:17,Nv
FN:17,Dv
FN:17,Fv
FN:17,Pv
FN:17,Lv
FN:17,Mv
FN:17,Uv
FN:17,Bv
FN:17,Wv
FN:17,Hv
FN:17,zv
FN:17,Vv
FN:17,Gv
FN:17,jv
FN:17,Xv
FN:17,$v
FN:17,Yv
FN:17,Kv
FN:17,Jv
FN:17,qv
FN:17,Zv
FN:17,Qv
FN:17,ep
FN:17,rp
FN:17,tp
FN:17,ip
FN:17,sp
FN:17,fp
FN:17,op
FN:17,lp
FN:17,cp
FN:17,hp
FN:17,dp
FN:17,(anonymous_1061)
FN:17,vp
FN:17,(anonymous_1063)
FN:17,pp
FN:17,gp
FN:17,mp
FN:17,bp
FN:17,(anonymous_1068)
FN:17,wp
FN:17,kp
FN:17,Tp
FN:17,(anonymous_1072)
FN:17,M
FN:17,Ap
FN:17,Ep
FN:17,Cp
FN:17,(anonymous_1077)
FN:17,yp
FN:17,(anonymous_1079)
FN:17,Sp
FN:17,_p
FN:17,(anonymous_1082)
FN:17,xp
FN:17,Op
FN:17,Rp
FN:17,Ip
FN:17,Np
FN:17,Dp
FN:17,Fp
FN:17,(anonymous_1090)
FN:17,(anonymous_1091)
FN:17,Pp
FN:17,(anonymous_1093)
FN:17,(anonymous_1094)
FN:17,Lp
FN:17,Mp
FN:17,Up
FN:17,Bp
FN:17,o
FN:17,Wp
FN:17,jp
FN:17,Xp
FN:17,$p
FN:17,Yp
FN:17,Jp
FN:17,(anonymous_1106)
FN:17,qp
FN:17,(anonymous_1108)
FN:17,Zp
FN:17,eg
FN:17,f
FN:17,(anonymous_1112)
FN:17,rg
FN:17,(anonymous_1114)
FN:17,(anonymous_1115)
FN:17,tg
FN:17,ag
FN:17,ng
FN:17,ig
FN:17,sg
FN:17,fg
FN:17,og
FN:17,f
FN:18,lg
FN:18,cg
FN:18,hg
FN:18,ug
FN:18,dg
FN:18,vg
FN:18,pg
FN:18,gg
FN:18,mg
FN:18,bg
FN:18,wg
FN:18,kg
FN:18,Tg
FN:18,Ag
FN:18,Eg
FN:18,Cg
FN:18,yg
FN:18,Sg
FN:18,_g
FN:18,xg
FN:18,Og
FN:18,Rg
FN:18,Ig
FN:18,Ng
FN:18,Pg
FN:18,Lg
FN:18,Ug
FN:18,Bg
FN:18,Wg
FN:18,Hg
FN:18,zg
FN:18,(anonymous_1155)
FN:18,Vg
FN:18,Gg
FN:18,(anonymous_1158)
FN:18,jg
FN:18,Xg
FN:18,$g
FN:18,Yg
FN:18,(anonymous_1163)
FN:18,Kg
FN:18,Jg
FN:18,qg
FN:18,Zg
FN:18,(anonymous_1168)
FN:18,Qg
FN:18,(anonymous_1170)
FN:18,em
FN:18,rm
FN:18,tm
FN:18,(anonymous_1174)
FN:18,am
FN:18,nm
FN:18,im
FN:18,fm
FN:18,om
FN:18,lm
FN:18,cm
FN:18,ve
FN:18,pe
FN:18,ge
FN:19,(anonymous_1185)
FN:19,(anonymous_1186)
FN:19,(anonymous_1187)
FN:19,um
FN:19,dm
FN:19,vm
FN:19,pm
FN:19,bm
FN:19,wm
FN:19,km
FN:19,Tm
FN:19,Am
FN:19,Em
FN:19,Cm
FN:19,ym
FN:19,Sm
FN:19,_m
FN:19,(anonymous_1202)
FN:19,xm
FN:19,Om
FN:19,(anonymous_1205)
FN:19,Rm
FN:19,Im
FN:19,(anonymous_1208)
FN:19,Nm
FN:19,Dm
FN:19,Fm
FN:19,Pm
FN:19,Lm
FN:19,Mm
FN:19,Um
FN:19,Hm
FN:19,(anonymous_1217)
FN:19,zm
FN:19,Vm
FN:19,Gm
FN:20,jm
FN:20,Xm
FN:20,$m
FN:20,Ym
FN:20,Km
FN:20,(anonymous_1226)
FN:20,qm
FN:20,Zm
FN:20,Qm
FN:20,(anonymous_1230)
FN:20,t
FN:20,(anonymous_1232)
FN:20,(anonymous_1233)
FN:20,(anonymous_1234)
FN:20,(anonymous_1235)
FN:20,(anonymous_1236)
FN:20,(anonymous_1237)
FN:20,(anonymous_1238)
FN:20,(anonymous_1239)
FN:20,(anonymous_1240)
FN:20,i
FN:20,tb
FN:20,ab
FN:20,nb
FN:20,ib
FN:20,sb
FN:20,fb
FN:20,(anonymous_1248)
FN:20,(anonymous_1249)
FN:20,ob
FN:20,lb
FN:20,cb
FN:20,hb
FN:20,ub
FN:20,db
FN:20,vb
FN:20,pb
FN:20,(anonymous_1258)
FN:20,(anonymous_1259)
FN:20,gb
FN:20,(anonymous_1261)
FN:20,mb
FN:20,(anonymous_1263)
FN:20,bb
FN:20,(anonymous_1265)
FN:20,(anonymous_1266)
FN:20,(anonymous_1267)
FN:20,wb
FN:20,kb
FN:20,Tb
FN:20,Ab
FN:20,Eb
FN:20,Cb
FN:20,yb
FN:20,Sb
FN:20,_b
FN:20,xb
FN:20,Ob
FN:20,(anonymous_1279)
FN:20,(anonymous_1280)
FN:20,Rb
FN:20,Ib
FN:20,(anonymous_1283)
FN:20,(anonymous_1284)
FN:20,(anonymous_1285)
FN:20,Nb
FN:21,(anonymous_1287)
FN:21,(anonymous_1288)
FN:21,(anonymous_1289)
FN:21,Db
FN:21,Fb
FN:21,(anonymous_1292)
FN:21,(anonymous_1293)
FN:21,Pb
FN:21,(anonymous_1295)
FN:21,(anonymous_1296)
FN:21,(anonymous_1297)
FN:21,Lb
FN:21,(anonymous_1299)
FN:21,(anonymous_1300)
FN:21,(anonymous_1301)
FN:21,(anonymous_1302)
FN:21,(anonymous_1303)
FN:21,Mb
FN:21,Ub
FN:21,(anonymous_1306)
FN:21,(anonymous_1307)
FN:21,(anonymous_1308)
FN:21,(anonymous_1309)
FN:21,(anonymous_1310)
FN:21,(anonymous_1311)
FN:21,(anonymous_1312)
FN:21,(anonymous_1313)
FN:21,(anonymous_1314)
FN:21,(anonymous_1315)
FN:21,(anonymous_1316)
FN:21,(anonymous_1317)
FN:21,(anonymous_1318)
FN:21,(anonymous_1319)
FN:21,h
FN:21,(anonymous_1321)
FN:21,(anonymous_1322)
FN:21,(anonymous_1323)
FN:21,Bb
FN:21,r
FN:21,Wb
FN:21,Hb
FN:21,zb
FN:21,Vb
FN:21,a
FN:21,Gb
FN:21,(anonymous_1332)
FN:21,jb
FN:21,Xb
FN:21,(anonymous_1335)
FN:21,(anonymous_1336)
FN:21,I
FN:21,(anonymous_1338)
FN:21,$b
FN:21,Yb
FN:21,Kb
FN:21,Jb
FN:21,(anonymous_1343)
FN:21,(anonymous_1344)
FN:21,qb
FN:21,Zb
FN:21,Qb
FN:21,ew
FN:21,rw
FN:21,tw
FN:21,aw
FN:21,nw
FN:21,iw
FN:21,sw
FN:21,fw
FN:21,ow
FN:21,lw
FN:21,cw
FN:21,hw
FN:21,uw
FN:21,(anonymous_1361)
FN:21,dw
FN:21,(anonymous_1363)
FN:21,vw
FN:21,pw
FN:21,gw
FN:21,mw
FN:21,bw
FN:21,ww
FN:21,kw
FN:21,Tw
FN:21,Aw
FN:21,Cw
FN:21,yw
FN:21,Sw
FN:21,_w
FN:22,xw
FN:22,(anonymous_1378)
FN:22,(anonymous_1379)
FN:22,Ow
FN:22,Rw
FN:22,Iw
FN:22,Nw
FN:22,Dw
FN:22,Fw
FN:22,Pw
FN:22,Lw
FN:22,Mw
FN:22,Uw
FN:22,Bw
FN:22,zw
FN:22,Vw
FN:22,(anonymous_1393)
FN:22,Gw
FN:22,(anonymous_1395)
FN:22,jw
FN:22,(anonymous_1397)
FN:22,(anonymous_1398)
FNF:1399
FNH:0
FNDA:0,(anonymous_0)
FNDA:0,(anonymous_1)
FNDA:0,(anonymous_2)
FNDA:0,(anonymous_3)
FNDA:0,(anonymous_4)
FNDA:0,(anonymous_5)
FNDA:0,(anonymous_6)
FNDA:0,(anonymous_7)
FNDA:0,(anonymous_8)
FNDA:0,(anonymous_9)
FNDA:0,(anonymous_10)
FNDA:0,(anonymous_11)
FNDA:0,(anonymous_12)
FNDA:0,(anonymous_13)
FNDA:0,(anonymous_14)
FNDA:0,(anonymous_15)
FNDA:0,(anonymous_16)
FNDA:0,(anonymous_17)
FNDA:0,(anonymous_18)
FNDA:0,(anonymous_19)
FNDA:0,(anonymous_20)
FNDA:0,(anonymous_21)
FNDA:0,(anonymous_22)
FNDA:0,(anonymous_23)
FNDA:0,(anonymous_24)
FNDA:0,(anonymous_25)
FNDA:0,(anonymous_26)
FNDA:0,(anonymous_27)
FNDA:0,(anonymous_28)
FNDA:0,(anonymous_29)
FNDA:0,(anonymous_30)
FNDA:0,(anonymous_31)
FNDA:0,(anonymous_32)
FNDA:0,(anonymous_33)
FNDA:0,F
FNDA:0,P
FNDA:0,(anonymous_36)
FNDA:0,(anonymous_37)
FNDA:0,(anonymous_38)
FNDA:0,L
FNDA:0,M
FNDA:0,a
FNDA:0,U
FNDA:0,f
FNDA:0,B
FNDA:0,l
FNDA:0,W
FNDA:0,l
FNDA:0,H
FNDA:0,z
FNDA:0,V
FNDA:0,(anonymous_51)
FNDA:0,G
FNDA:0,j
FNDA:0,X
FNDA:0,$
FNDA:0,Y
FNDA:0,make_xlsx_lib
FNDA:0,(anonymous_58)
FNDA:0,f
FNDA:0,(anonymous_60)
FNDA:0,l
FNDA:0,c
FNDA:0,h
FNDA:0,u
FNDA:0,(anonymous_65)
FNDA:0,Yw
FNDA:0,Kw
FNDA:0,(anonymous_68)
FNDA:0,(anonymous_69)
FNDA:0,Jw
FNDA:0,qw
FNDA:0,w
FNDA:0,k
FNDA:0,(anonymous_74)
FNDA:0,(anonymous_75)
FNDA:0,(anonymous_76)
FNDA:0,(anonymous_77)
FNDA:0,E
FNDA:0,C
FNDA:0,Zw
FNDA:0,(anonymous_81)
FNDA:0,S
FNDA:0,_
FNDA:0,(anonymous_84)
FNDA:0,x
FNDA:0,O
FNDA:0,(anonymous_87)
FNDA:0,(anonymous_88)
FNDA:0,(anonymous_89)
FNDA:0,(anonymous_90)
FNDA:0,I
FNDA:0,F
FNDA:0,P
FNDA:0,L
FNDA:0,M
FNDA:0,U
FNDA:0,B
FNDA:0,H
FNDA:0,z
FNDA:0,j
FNDA:0,J
FNDA:0,q
FNDA:0,re
FNDA:0,te
FNDA:0,ae
FNDA:0,ne
FNDA:0,ie
FNDA:0,se
FNDA:0,fe
FNDA:0,oe
FNDA:0,le
FNDA:0,ce
FNDA:0,ue
FNDA:0,de
FNDA:0,ve
FNDA:0,(anonymous_116)
FNDA:0,ge
FNDA:0,me
FNDA:0,Te
FNDA:0,Ae
FNDA:0,Ee
FNDA:0,Ce
FNDA:0,ye
FNDA:0,Se
FNDA:0,(anonymous_125)
FNDA:0,(anonymous_126)
FNDA:0,(anonymous_127)
FNDA:0,_e
FNDA:0,xe
FNDA:0,Oe
FNDA:0,(anonymous_131)
FNDA:0,Re
FNDA:0,(anonymous_133)
FNDA:0,(anonymous_134)
FNDA:0,(anonymous_135)
FNDA:0,Ie
FNDA:0,Ne
FNDA:0,Fe
FNDA:0,Pe
FNDA:0,Me
FNDA:0,Ue
FNDA:0,Be
FNDA:0,We
FNDA:0,He
FNDA:0,ze
FNDA:0,Qw
FNDA:0,Xe
FNDA:0,$e
FNDA:0,(anonymous_149)
FNDA:0,(anonymous_150)
FNDA:0,r
FNDA:0,a
FNDA:0,k
FNDA:0,T
FNDA:0,A
FNDA:0,ek
FNDA:0,r
FNDA:0,t
FNDA:0,a
FNDA:0,n
FNDA:0,i
FNDA:0,s
FNDA:0,o
FNDA:0,l
FNDA:0,c
FNDA:0,h
FNDA:0,u
FNDA:0,d
FNDA:0,v
FNDA:0,p
FNDA:0,g
FNDA:0,m
FNDA:0,b
FNDA:0,S
FNDA:0,_
FNDA:0,x
FNDA:0,O
FNDA:0,I
FNDA:0,F
FNDA:0,(anonymous_180)
FNDA:0,P
FNDA:0,(anonymous_182)
FNDA:0,(anonymous_183)
FNDA:0,L
FNDA:0,(anonymous_185)
FNDA:0,(anonymous_186)
FNDA:0,V
FNDA:0,G
FNDA:0,j
FNDA:0,$
FNDA:0,Y
FNDA:0,K
FNDA:0,Q
FNDA:0,ae
FNDA:0,ne
FNDA:0,ie
FNDA:0,se
FNDA:0,fe
FNDA:0,oe
FNDA:0,le
FNDA:0,ce
FNDA:0,he
FNDA:0,ue
FNDA:0,de
FNDA:0,ve
FNDA:0,pe
FNDA:0,ge
FNDA:0,(anonymous_208)
FNDA:0,$e
FNDA:0,n
FNDA:0,i
FNDA:0,s
FNDA:0,Te
FNDA:0,_e
FNDA:0,xe
FNDA:0,Oe
FNDA:0,Re
FNDA:0,Ie
FNDA:0,Ne
FNDA:0,De
FNDA:0,Pe
FNDA:0,Le
FNDA:0,Me
FNDA:0,(anonymous_224)
FNDA:0,Ue
FNDA:0,(anonymous_226)
FNDA:0,Be
FNDA:0,We
FNDA:0,He
FNDA:0,(anonymous_230)
FNDA:0,(anonymous_231)
FNDA:0,ze
FNDA:0,Ve
FNDA:0,Ge
FNDA:0,je
FNDA:0,Xe
FNDA:0,Ze
FNDA:0,Qe
FNDA:0,(anonymous_239)
FNDA:0,(anonymous_240)
FNDA:0,er
FNDA:0,rr
FNDA:0,tr
FNDA:0,ar
FNDA:0,nr
FNDA:0,ir
FNDA:0,fr
FNDA:0,hr
FNDA:0,ur
FNDA:0,gr
FNDA:0,mr
FNDA:0,(anonymous_252)
FNDA:0,br
FNDA:0,wr
FNDA:0,kr
FNDA:0,(anonymous_256)
FNDA:0,(anonymous_257)
FNDA:0,Ar
FNDA:0,(anonymous_259)
FNDA:0,r
FNDA:0,Cr
FNDA:0,yr
FNDA:0,Sr
FNDA:0,_r
FNDA:0,xr
FNDA:0,Or
FNDA:0,Rr
FNDA:0,Ir
FNDA:0,Nr
FNDA:0,Dr
FNDA:0,Fr
FNDA:0,Pr
FNDA:0,Lr
FNDA:0,Gr
FNDA:0,jr
FNDA:0,(anonymous_276)
FNDA:0,t
FNDA:0,(anonymous_278)
FNDA:0,(anonymous_279)
FNDA:0,qr
FNDA:0,(anonymous_281)
FNDA:0,(anonymous_282)
FNDA:0,Zr
FNDA:0,et
FNDA:0,(anonymous_285)
FNDA:0,(anonymous_286)
FNDA:0,rt
FNDA:0,(anonymous_288)
FNDA:0,(anonymous_289)
FNDA:0,(anonymous_290)
FNDA:0,r
FNDA:0,t
FNDA:0,at
FNDA:0,nt
FNDA:0,it
FNDA:0,st
FNDA:0,ft
FNDA:0,(anonymous_298)
FNDA:0,(anonymous_299)
FNDA:0,(anonymous_300)
FNDA:0,r
FNDA:0,(anonymous_302)
FNDA:0,(anonymous_303)
FNDA:0,r
FNDA:0,(anonymous_305)
FNDA:0,r
FNDA:0,gt
FNDA:0,(anonymous_308)
FNDA:0,bt
FNDA:0,wt
FNDA:0,(anonymous_311)
FNDA:0,kt
FNDA:0,Tt
FNDA:0,At
FNDA:0,Et
FNDA:0,xt
FNDA:0,Ot
FNDA:0,(anonymous_318)
FNDA:0,(anonymous_319)
FNDA:0,(anonymous_320)
FNDA:0,(anonymous_321)
FNDA:0,(anonymous_322)
FNDA:0,(anonymous_323)
FNDA:0,(anonymous_324)
FNDA:0,(anonymous_325)
FNDA:0,rk
FNDA:0,(anonymous_327)
FNDA:0,(anonymous_328)
FNDA:0,(anonymous_329)
FNDA:0,tk
FNDA:0,(anonymous_331)
FNDA:0,(anonymous_332)
FNDA:0,ak
FNDA:0,nk
FNDA:0,ik
FNDA:0,sk
FNDA:0,fk
FNDA:0,ok
FNDA:0,lk
FNDA:0,ck
FNDA:0,qt
FNDA:0,(anonymous_342)
FNDA:0,(anonymous_343)
FNDA:0,(anonymous_344)
FNDA:0,(anonymous_345)
FNDA:0,(anonymous_346)
FNDA:0,(anonymous_347)
FNDA:0,(anonymous_348)
FNDA:0,(anonymous_349)
FNDA:0,(anonymous_350)
FNDA:0,(anonymous_351)
FNDA:0,(anonymous_352)
FNDA:0,(anonymous_353)
FNDA:0,(anonymous_354)
FNDA:0,na
FNDA:0,(anonymous_356)
FNDA:0,(anonymous_357)
FNDA:0,(anonymous_358)
FNDA:0,oa
FNDA:0,la
FNDA:0,ca
FNDA:0,ha
FNDA:0,ua
FNDA:0,da
FNDA:0,va
FNDA:0,o
FNDA:0,l
FNDA:0,c
FNDA:0,h
FNDA:0,u
FNDA:0,pa
FNDA:0,ga
FNDA:0,ma
FNDA:0,ba
FNDA:0,wa
FNDA:0,ka
FNDA:0,Ta
FNDA:0,Aa
FNDA:0,Ea
FNDA:0,Ca
FNDA:0,ya
FNDA:0,Sa
FNDA:0,_a
FNDA:0,xa
FNDA:0,Oa
FNDA:0,Ra
FNDA:0,Ia
FNDA:0,Na
FNDA:0,Da
FNDA:0,Fa
FNDA:0,Pa
FNDA:0,La
FNDA:0,Ma
FNDA:0,Ua
FNDA:0,Ba
FNDA:0,Wa
FNDA:0,Ha
FNDA:0,za
FNDA:0,Va
FNDA:0,Ga
FNDA:0,ja
FNDA:0,Xa
FNDA:0,Ya
FNDA:0,Ka
FNDA:0,Ja
FNDA:0,qa
FNDA:0,Za
FNDA:0,rn
FNDA:0,tn
FNDA:0,fn
FNDA:0,on
FNDA:0,ln
FNDA:0,cn
FNDA:0,dn
FNDA:0,vn
FNDA:0,pn
FNDA:0,gn
FNDA:0,mn
FNDA:0,bn
FNDA:0,wn
FNDA:0,kn
FNDA:0,Tn
FNDA:0,Hn
FNDA:0,(anonymous_424)
FNDA:0,Yn
FNDA:0,Kn
FNDA:0,(anonymous_427)
FNDA:0,Jn
FNDA:0,(anonymous_429)
FNDA:0,(anonymous_430)
FNDA:0,(anonymous_431)
FNDA:0,(anonymous_432)
FNDA:0,(anonymous_433)
FNDA:0,(anonymous_434)
FNDA:0,Zn
FNDA:0,Qn
FNDA:0,(anonymous_437)
FNDA:0,ei
FNDA:0,(anonymous_439)
FNDA:0,ri
FNDA:0,ai
FNDA:0,ni
FNDA:0,ii
FNDA:0,si
FNDA:0,fi
FNDA:0,oi
FNDA:0,(anonymous_447)
FNDA:0,hi
FNDA:0,ui
FNDA:0,di
FNDA:0,gi
FNDA:0,(anonymous_452)
FNDA:0,(anonymous_453)
FNDA:0,mi
FNDA:0,(anonymous_455)
FNDA:0,bi
FNDA:0,(anonymous_457)
FNDA:0,(anonymous_458)
FNDA:0,ki
FNDA:0,Ti
FNDA:0,a
FNDA:0,Ci
FNDA:0,yi
FNDA:0,(anonymous_464)
FNDA:0,(anonymous_465)
FNDA:0,Si
FNDA:0,(anonymous_467)
FNDA:0,(anonymous_468)
FNDA:0,_i
FNDA:0,xi
FNDA:0,Oi
FNDA:0,Ri
FNDA:0,Ii
FNDA:0,Ni
FNDA:0,Di
FNDA:0,Fi
FNDA:0,Pi
FNDA:0,Li
FNDA:0,Mi
FNDA:0,Ui
FNDA:0,Bi
FNDA:0,Wi
FNDA:0,Hi
FNDA:0,zi
FNDA:0,Vi
FNDA:0,(anonymous_486)
FNDA:0,ji
FNDA:0,Xi
FNDA:0,$i
FNDA:0,Yi
FNDA:0,Ki
FNDA:0,Ji
FNDA:0,qi
FNDA:0,Zi
FNDA:0,Qi
FNDA:0,es
FNDA:0,rs
FNDA:0,ts
FNDA:0,as
FNDA:0,ns
FNDA:0,is
FNDA:0,ss
FNDA:0,fs
FNDA:0,os
FNDA:0,ls
FNDA:0,cs
FNDA:0,hs
FNDA:0,us
FNDA:0,ds
FNDA:0,vs
FNDA:0,ps
FNDA:0,gs
FNDA:0,ms
FNDA:0,bs
FNDA:0,ws
FNDA:0,ks
FNDA:0,Ts
FNDA:0,As
FNDA:0,Es
FNDA:0,Cs
FNDA:0,ys
FNDA:0,Ss
FNDA:0,_s
FNDA:0,xs
FNDA:0,Os
FNDA:0,Rs
FNDA:0,Is
FNDA:0,Ds
FNDA:0,Fs
FNDA:0,Ps
FNDA:0,Ls
FNDA:0,Us
FNDA:0,Bs
FNDA:0,Ws
FNDA:0,Hs
FNDA:0,zs
FNDA:0,Vs
FNDA:0,Gs
FNDA:0,js
FNDA:0,Xs
FNDA:0,$s
FNDA:0,Ys
FNDA:0,(anonymous_543)
FNDA:0,Ks
FNDA:0,Js
FNDA:0,qs
FNDA:0,Zs
FNDA:0,Qs
FNDA:0,ef
FNDA:0,rf
FNDA:0,tf
FNDA:0,af
FNDA:0,nf
FNDA:0,sf
FNDA:0,ff
FNDA:0,of
FNDA:0,lf
FNDA:0,cf
FNDA:0,hf
FNDA:0,uf
FNDA:0,df
FNDA:0,pf
FNDA:0,gf
FNDA:0,mf
FNDA:0,bf
FNDA:0,wf
FNDA:0,kf
FNDA:0,Tf
FNDA:0,Af
FNDA:0,Ef
FNDA:0,Cf
FNDA:0,yf
FNDA:0,Sf
FNDA:0,_f
FNDA:0,xf
FNDA:0,Rf
FNDA:0,If
FNDA:0,Df
FNDA:0,Ff
FNDA:0,Pf
FNDA:0,Lf
FNDA:0,Mf
FNDA:0,Uf
FNDA:0,Bf
FNDA:0,Wf
FNDA:0,Hf
FNDA:0,zf
FNDA:0,Vf
FNDA:0,Gf
FNDA:0,(anonymous_590)
FNDA:0,Xf
FNDA:0,$f
FNDA:0,Yf
FNDA:0,Kf
FNDA:0,Jf
FNDA:0,qf
FNDA:0,Zf
FNDA:0,Qf
FNDA:0,eo
FNDA:0,ro
FNDA:0,to
FNDA:0,ao
FNDA:0,no
FNDA:0,io
FNDA:0,so
FNDA:0,fo
FNDA:0,ho
FNDA:0,uo
FNDA:0,vo
FNDA:0,po
FNDA:0,go
FNDA:0,mo
FNDA:0,bo
FNDA:0,wo
FNDA:0,ko
FNDA:0,(anonymous_616)
FNDA:0,n
FNDA:0,i
FNDA:0,(anonymous_619)
FNDA:0,s
FNDA:0,l
FNDA:0,(anonymous_622)
FNDA:0,(anonymous_623)
FNDA:0,(anonymous_624)
FNDA:0,i
FNDA:0,s
FNDA:0,(anonymous_627)
FNDA:0,f
FNDA:0,(anonymous_629)
FNDA:0,l
FNDA:0,c
FNDA:0,h
FNDA:0,(anonymous_633)
FNDA:0,u
FNDA:0,(anonymous_635)
FNDA:0,d
FNDA:0,(anonymous_637)
FNDA:0,e
FNDA:0,r
FNDA:0,t
FNDA:0,a
FNDA:0,(anonymous_642)
FNDA:0,t
FNDA:0,a
FNDA:0,n
FNDA:0,(anonymous_646)
FNDA:0,e
FNDA:0,r
FNDA:0,t
FNDA:0,a
FNDA:0,n
FNDA:0,l
FNDA:0,c
FNDA:0,(anonymous_654)
FNDA:0,e
FNDA:0,r
FNDA:0,i
FNDA:0,(anonymous_658)
FNDA:0,s
FNDA:0,b
FNDA:0,f
FNDA:0,o
FNDA:0,l
FNDA:0,c
FNDA:0,_o
FNDA:0,(anonymous_666)
FNDA:0,e
FNDA:0,r
FNDA:0,t
FNDA:0,(anonymous_670)
FNDA:0,(anonymous_671)
FNDA:0,a
FNDA:0,n
FNDA:0,i
FNDA:0,s
FNDA:0,f
FNDA:0,l
FNDA:0,c
FNDA:0,h
FNDA:0,u
FNDA:0,d
FNDA:0,v
FNDA:0,p
FNDA:0,m
FNDA:0,b
FNDA:0,w
FNDA:0,E
FNDA:0,C
FNDA:0,S
FNDA:0,_
FNDA:0,x
FNDA:0,O
FNDA:0,R
FNDA:0,I
FNDA:0,N
FNDA:0,D
FNDA:0,F
FNDA:0,P
FNDA:0,L
FNDA:0,M
FNDA:0,U
FNDA:0,B
FNDA:0,Oo
FNDA:0,(anonymous_704)
FNDA:0,t
FNDA:0,i
FNDA:0,(anonymous_707)
FNDA:0,hk
FNDA:0,r
FNDA:0,t
FNDA:0,a
FNDA:0,Po
FNDA:0,Bo
FNDA:0,Ho
FNDA:0,zo
FNDA:0,Vo
FNDA:0,n
FNDA:0,Go
FNDA:0,Xo
FNDA:0,$o
FNDA:0,Yo
FNDA:0,Ko
FNDA:0,Jo
FNDA:0,qo
FNDA:0,Zo
FNDA:0,Qo
FNDA:0,el
FNDA:0,rl
FNDA:0,tl
FNDA:0,al
FNDA:0,nl
FNDA:0,il
FNDA:0,sl
FNDA:0,n
FNDA:0,(anonymous_735)
FNDA:0,fl
FNDA:0,ol
FNDA:0,ll
FNDA:0,(anonymous_739)
FNDA:0,(anonymous_740)
FNDA:0,(anonymous_741)
FNDA:0,(anonymous_742)
FNDA:0,(anonymous_743)
FNDA:0,(anonymous_744)
FNDA:0,(anonymous_745)
FNDA:0,(anonymous_746)
FNDA:0,dl
FNDA:0,vl
FNDA:0,pl
FNDA:0,(anonymous_750)
FNDA:0,e
FNDA:0,r
FNDA:0,(anonymous_753)
FNDA:0,t
FNDA:0,a
FNDA:0,ml
FNDA:0,bl
FNDA:0,wl
FNDA:0,kl
FNDA:0,Tl
FNDA:0,Sl
FNDA:0,_l
FNDA:0,xl
FNDA:0,Ol
FNDA:0,Rl
FNDA:0,Il
FNDA:0,Fl
FNDA:0,Pl
FNDA:0,Ml
FNDA:0,(anonymous_770)
FNDA:0,Ul
FNDA:0,(anonymous_772)
FNDA:0,Bl
FNDA:0,(anonymous_774)
FNDA:0,Wl
FNDA:0,Hl
FNDA:0,(anonymous_777)
FNDA:0,Gl
FNDA:0,(anonymous_779)
FNDA:0,jl
FNDA:0,(anonymous_781)
FNDA:0,uk
FNDA:0,i
FNDA:0,$l
FNDA:0,Yl
FNDA:0,Kl
FNDA:0,Jl
FNDA:0,ql
FNDA:0,rc
FNDA:0,tc
FNDA:0,ac
FNDA:0,nc
FNDA:0,sc
FNDA:0,fc
FNDA:0,oc
FNDA:0,lc
FNDA:0,f
FNDA:0,cc
FNDA:0,(anonymous_799)
FNDA:0,(anonymous_800)
FNDA:0,hc
FNDA:0,uc
FNDA:0,dc
FNDA:0,vc
FNDA:0,pc
FNDA:0,(anonymous_806)
FNDA:0,gc
FNDA:0,mc
FNDA:0,bc
FNDA:0,wc
FNDA:0,kc
FNDA:0,Ac
FNDA:0,(anonymous_813)
FNDA:0,Ec
FNDA:0,Cc
FNDA:0,xc
FNDA:0,(anonymous_817)
FNDA:0,Rc
FNDA:0,Ic
FNDA:0,Nc
FNDA:0,Dc
FNDA:0,Fc
FNDA:0,Pc
FNDA:0,Lc
FNDA:0,Mc
FNDA:0,Uc
FNDA:0,Bc
FNDA:0,(anonymous_828)
FNDA:0,Wc
FNDA:0,Hc
FNDA:0,zc
FNDA:0,Vc
FNDA:0,Gc
FNDA:0,jc
FNDA:0,Xc
FNDA:0,$c
FNDA:0,(anonymous_837)
FNDA:0,(anonymous_838)
FNDA:0,Yc
FNDA:0,Kc
FNDA:0,(anonymous_841)
FNDA:0,Jc
FNDA:0,qc
FNDA:0,(anonymous_844)
FNDA:0,Zc
FNDA:0,Qc
FNDA:0,i
FNDA:0,eh
FNDA:0,rh
FNDA:0,f
FNDA:0,th
FNDA:0,nh
FNDA:0,(anonymous_853)
FNDA:0,ih
FNDA:0,(anonymous_855)
FNDA:0,sh
FNDA:0,(anonymous_857)
FNDA:0,(anonymous_858)
FNDA:0,fh
FNDA:0,(anonymous_860)
FNDA:0,(anonymous_861)
FNDA:0,(anonymous_862)
FNDA:0,(anonymous_863)
FNDA:0,oh
FNDA:0,s
FNDA:0,lh
FNDA:0,(anonymous_867)
FNDA:0,(anonymous_868)
FNDA:0,ch
FNDA:0,n
FNDA:0,hh
FNDA:0,(anonymous_872)
FNDA:0,uh
FNDA:0,dh
FNDA:0,ph
FNDA:0,gh
FNDA:0,s
FNDA:0,mh
FNDA:0,(anonymous_879)
FNDA:0,(anonymous_880)
FNDA:0,(anonymous_881)
FNDA:0,(anonymous_882)
FNDA:0,wh
FNDA:0,(anonymous_884)
FNDA:0,kh
FNDA:0,(anonymous_886)
FNDA:0,Ah
FNDA:0,Eh
FNDA:0,Ch
FNDA:0,yh
FNDA:0,(anonymous_891)
FNDA:0,t
FNDA:0,a
FNDA:0,(anonymous_894)
FNDA:0,e
FNDA:0,(anonymous_896)
FNDA:0,Oh
FNDA:0,(anonymous_898)
FNDA:0,Rh
FNDA:0,Ih
FNDA:0,Nh
FNDA:0,Dh
FNDA:0,Fh
FNDA:0,Ph
FNDA:0,Lh
FNDA:0,Mh
FNDA:0,Uh
FNDA:0,Bh
FNDA:0,Wh
FNDA:0,Hh
FNDA:0,zh
FNDA:0,Vh
FNDA:0,Gh
FNDA:0,jh
FNDA:0,Xh
FNDA:0,$h
FNDA:0,Yh
FNDA:0,Kh
FNDA:0,Jh
FNDA:0,qh
FNDA:0,Zh
FNDA:0,Qh
FNDA:0,eu
FNDA:0,ru
FNDA:0,tu
FNDA:0,au
FNDA:0,nu
FNDA:0,iu
FNDA:0,su
FNDA:0,fu
FNDA:0,ou
FNDA:0,lu
FNDA:0,cu
FNDA:0,hu
FNDA:0,uu
FNDA:0,du
FNDA:0,vu
FNDA:0,pu
FNDA:0,gu
FNDA:0,mu
FNDA:0,bu
FNDA:0,wu
FNDA:0,ku
FNDA:0,Tu
FNDA:0,Au
FNDA:0,Eu
FNDA:0,Cu
FNDA:0,yu
FNDA:0,Su
FNDA:0,Ru
FNDA:0,Iu
FNDA:0,Lu
FNDA:0,Vu
FNDA:0,Gu
FNDA:0,ju
FNDA:0,Xu
FNDA:0,$u
FNDA:0,Yu
FNDA:0,Ku
FNDA:0,ed
FNDA:0,rd
FNDA:0,td
FNDA:0,nd
FNDA:0,id
FNDA:0,(anonymous_965)
FNDA:0,sd
FNDA:0,fd
FNDA:0,od
FNDA:0,ld
FNDA:0,cd
FNDA:0,hd
FNDA:0,ud
FNDA:0,dd
FNDA:0,vd
FNDA:0,pd
FNDA:0,gd
FNDA:0,Cd
FNDA:0,(anonymous_978)
FNDA:0,yd
FNDA:0,Sd
FNDA:0,_d
FNDA:0,Id
FNDA:0,Nd
FNDA:0,Dd
FNDA:0,Fd
FNDA:0,Pd
FNDA:0,Ld
FNDA:0,Md
FNDA:0,Yd
FNDA:0,Kd
FNDA:0,Jd
FNDA:0,qd
FNDA:0,Zd
FNDA:0,rv
FNDA:0,(anonymous_995)
FNDA:0,(anonymous_996)
FNDA:0,tv
FNDA:0,av
FNDA:0,(anonymous_999)
FNDA:0,nv
FNDA:0,iv
FNDA:0,sv
FNDA:0,fv
FNDA:0,ov
FNDA:0,cv
FNDA:0,(anonymous_1006)
FNDA:0,hv
FNDA:0,uv
FNDA:0,(anonymous_1009)
FNDA:0,f
FNDA:0,vv
FNDA:0,pv
FNDA:0,(anonymous_1013)
FNDA:0,gv
FNDA:0,mv
FNDA:0,bv
FNDA:0,Tv
FNDA:0,Av
FNDA:0,Ev
FNDA:0,Cv
FNDA:0,yv
FNDA:0,Sv
FNDA:0,_v
FNDA:0,xv
FNDA:0,Ov
FNDA:0,Rv
FNDA:0,Iv
FNDA:0,Nv
FNDA:0,Dv
FNDA:0,Fv
FNDA:0,Pv
FNDA:0,Lv
FNDA:0,Mv
FNDA:0,Uv
FNDA:0,Bv
FNDA:0,Wv
FNDA:0,Hv
FNDA:0,zv
FNDA:0,Vv
FNDA:0,Gv
FNDA:0,jv
FNDA:0,Xv
FNDA:0,$v
FNDA:0,Yv
FNDA:0,Kv
FNDA:0,Jv
FNDA:0,qv
FNDA:0,Zv
FNDA:0,Qv
FNDA:0,ep
FNDA:0,rp
FNDA:0,tp
FNDA:0,ip
FNDA:0,sp
FNDA:0,fp
FNDA:0,op
FNDA:0,lp
FNDA:0,cp
FNDA:0,hp
FNDA:0,dp
FNDA:0,(anonymous_1061)
FNDA:0,vp
FNDA:0,(anonymous_1063)
FNDA:0,pp
FNDA:0,gp
FNDA:0,mp
FNDA:0,bp
FNDA:0,(anonymous_1068)
FNDA:0,wp
FNDA:0,kp
FNDA:0,Tp
FNDA:0,(anonymous_1072)
FNDA:0,M
FNDA:0,Ap
FNDA:0,Ep
FNDA:0,Cp
FNDA:0,(anonymous_1077)
FNDA:0,yp
FNDA:0,(anonymous_1079)
FNDA:0,Sp
FNDA:0,_p
FNDA:0,(anonymous_1082)
FNDA:0,xp
FNDA:0,Op
FNDA:0,Rp
FNDA:0,Ip
FNDA:0,Np
FNDA:0,Dp
FNDA:0,Fp
FNDA:0,(anonymous_1090)
FNDA:0,(anonymous_1091)
FNDA:0,Pp
FNDA:0,(anonymous_1093)
FNDA:0,(anonymous_1094)
FNDA:0,Lp
FNDA:0,Mp
FNDA:0,Up
FNDA:0,Bp
FNDA:0,o
FNDA:0,Wp
FNDA:0,jp
FNDA:0,Xp
FNDA:0,$p
FNDA:0,Yp
FNDA:0,Jp
FNDA:0,(anonymous_1106)
FNDA:0,qp
FNDA:0,(anonymous_1108)
FNDA:0,Zp
FNDA:0,eg
FNDA:0,f
FNDA:0,(anonymous_1112)
FNDA:0,rg
FNDA:0,(anonymous_1114)
FNDA:0,(anonymous_1115)
FNDA:0,tg
FNDA:0,ag
FNDA:0,ng
FNDA:0,ig
FNDA:0,sg
FNDA:0,fg
FNDA:0,og
FNDA:0,f
FNDA:0,lg
FNDA:0,cg
FNDA:0,hg
FNDA:0,ug
FNDA:0,dg
FNDA:0,vg
FNDA:0,pg
FNDA:0,gg
FNDA:0,mg
FNDA:0,bg
FNDA:0,wg
FNDA:0,kg
FNDA:0,Tg
FNDA:0,Ag
FNDA:0,Eg
FNDA:0,Cg
FNDA:0,yg
FNDA:0,Sg
FNDA:0,_g
FNDA:0,xg
FNDA:0,Og
FNDA:0,Rg
FNDA:0,Ig
FNDA:0,Ng
FNDA:0,Pg
FNDA:0,Lg
FNDA:0,Ug
FNDA:0,Bg
FNDA:0,Wg
FNDA:0,Hg
FNDA:0,zg
FNDA:0,(anonymous_1155)
FNDA:0,Vg
FNDA:0,Gg
FNDA:0,(anonymous_1158)
FNDA:0,jg
FNDA:0,Xg
FNDA:0,$g
FNDA:0,Yg
FNDA:0,(anonymous_1163)
FNDA:0,Kg
FNDA:0,Jg
FNDA:0,qg
FNDA:0,Zg
FNDA:0,(anonymous_1168)
FNDA:0,Qg
FNDA:0,(anonymous_1170)
FNDA:0,em
FNDA:0,rm
FNDA:0,tm
FNDA:0,(anonymous_1174)
FNDA:0,am
FNDA:0,nm
FNDA:0,im
FNDA:0,fm
FNDA:0,om
FNDA:0,lm
FNDA:0,cm
FNDA:0,ve
FNDA:0,pe
FNDA:0,ge
FNDA:0,(anonymous_1185)
FNDA:0,(anonymous_1186)
FNDA:0,(anonymous_1187)
FNDA:0,um
FNDA:0,dm
FNDA:0,vm
FNDA:0,pm
FNDA:0,bm
FNDA:0,wm
FNDA:0,km
FNDA:0,Tm
FNDA:0,Am
FNDA:0,Em
FNDA:0,Cm
FNDA:0,ym
FNDA:0,Sm
FNDA:0,_m
FNDA:0,(anonymous_1202)
FNDA:0,xm
FNDA:0,Om
FNDA:0,(anonymous_1205)
FNDA:0,Rm
FNDA:0,Im
FNDA:0,(anonymous_1208)
FNDA:0,Nm
FNDA:0,Dm
FNDA:0,Fm
FNDA:0,Pm
FNDA:0,Lm
FNDA:0,Mm
FNDA:0,Um
FNDA:0,Hm
FNDA:0,(anonymous_1217)
FNDA:0,zm
FNDA:0,Vm
FNDA:0,Gm
FNDA:0,jm
FNDA:0,Xm
FNDA:0,$m
FNDA:0,Ym
FNDA:0,Km
FNDA:0,(anonymous_1226)
FNDA:0,qm
FNDA:0,Zm
FNDA:0,Qm
FNDA:0,(anonymous_1230)
FNDA:0,t
FNDA:0,(anonymous_1232)
FNDA:0,(anonymous_1233)
FNDA:0,(anonymous_1234)
FNDA:0,(anonymous_1235)
FNDA:0,(anonymous_1236)
FNDA:0,(anonymous_1237)
FNDA:0,(anonymous_1238)
FNDA:0,(anonymous_1239)
FNDA:0,(anonymous_1240)
FNDA:0,i
FNDA:0,tb
FNDA:0,ab
FNDA:0,nb
FNDA:0,ib
FNDA:0,sb
FNDA:0,fb
FNDA:0,(anonymous_1248)
FNDA:0,(anonymous_1249)
FNDA:0,ob
FNDA:0,lb
FNDA:0,cb
FNDA:0,hb
FNDA:0,ub
FNDA:0,db
FNDA:0,vb
FNDA:0,pb
FNDA:0,(anonymous_1258)
FNDA:0,(anonymous_1259)
FNDA:0,gb
FNDA:0,(anonymous_1261)
FNDA:0,mb
FNDA:0,(anonymous_1263)
FNDA:0,bb
FNDA:0,(anonymous_1265)
FNDA:0,(anonymous_1266)
FNDA:0,(anonymous_1267)
FNDA:0,wb
FNDA:0,kb
FNDA:0,Tb
FNDA:0,Ab
FNDA:0,Eb
FNDA:0,Cb
FNDA:0,yb
FNDA:0,Sb
FNDA:0,_b
FNDA:0,xb
FNDA:0,Ob
FNDA:0,(anonymous_1279)
FNDA:0,(anonymous_1280)
FNDA:0,Rb
FNDA:0,Ib
FNDA:0,(anonymous_1283)
FNDA:0,(anonymous_1284)
FNDA:0,(anonymous_1285)
FNDA:0,Nb
FNDA:0,(anonymous_1287)
FNDA:0,(anonymous_1288)
FNDA:0,(anonymous_1289)
FNDA:0,Db
FNDA:0,Fb
FNDA:0,(anonymous_1292)
FNDA:0,(anonymous_1293)
FNDA:0,Pb
FNDA:0,(anonymous_1295)
FNDA:0,(anonymous_1296)
FNDA:0,(anonymous_1297)
FNDA:0,Lb
FNDA:0,(anonymous_1299)
FNDA:0,(anonymous_1300)
FNDA:0,(anonymous_1301)
FNDA:0,(anonymous_1302)
FNDA:0,(anonymous_1303)
FNDA:0,Mb
FNDA:0,Ub
FNDA:0,(anonymous_1306)
FNDA:0,(anonymous_1307)
FNDA:0,(anonymous_1308)
FNDA:0,(anonymous_1309)
FNDA:0,(anonymous_1310)
FNDA:0,(anonymous_1311)
FNDA:0,(anonymous_1312)
FNDA:0,(anonymous_1313)
FNDA:0,(anonymous_1314)
FNDA:0,(anonymous_1315)
FNDA:0,(anonymous_1316)
FNDA:0,(anonymous_1317)
FNDA:0,(anonymous_1318)
FNDA:0,(anonymous_1319)
FNDA:0,h
FNDA:0,(anonymous_1321)
FNDA:0,(anonymous_1322)
FNDA:0,(anonymous_1323)
FNDA:0,Bb
FNDA:0,r
FNDA:0,Wb
FNDA:0,Hb
FNDA:0,zb
FNDA:0,Vb
FNDA:0,a
FNDA:0,Gb
FNDA:0,(anonymous_1332)
FNDA:0,jb
FNDA:0,Xb
FNDA:0,(anonymous_1335)
FNDA:0,(anonymous_1336)
FNDA:0,I
FNDA:0,(anonymous_1338)
FNDA:0,$b
FNDA:0,Yb
FNDA:0,Kb
FNDA:0,Jb
FNDA:0,(anonymous_1343)
FNDA:0,(anonymous_1344)
FNDA:0,qb
FNDA:0,Zb
FNDA:0,Qb
FNDA:0,ew
FNDA:0,rw
FNDA:0,tw
FNDA:0,aw
FNDA:0,nw
FNDA:0,iw
FNDA:0,sw
FNDA:0,fw
FNDA:0,ow
FNDA:0,lw
FNDA:0,cw
FNDA:0,hw
FNDA:0,uw
FNDA:0,(anonymous_1361)
FNDA:0,dw
FNDA:0,(anonymous_1363)
FNDA:0,vw
FNDA:0,pw
FNDA:0,gw
FNDA:0,mw
FNDA:0,bw
FNDA:0,ww
FNDA:0,kw
FNDA:0,Tw
FNDA:0,Aw
FNDA:0,Cw
FNDA:0,yw
FNDA:0,Sw
FNDA:0,_w
FNDA:0,xw
FNDA:0,(anonymous_1378)
FNDA:0,(anonymous_1379)
FNDA:0,Ow
FNDA:0,Rw
FNDA:0,Iw
FNDA:0,Nw
FNDA:0,Dw
FNDA:0,Fw
FNDA:0,Pw
FNDA:0,Lw
FNDA:0,Mw
FNDA:0,Uw
FNDA:0,Bw
FNDA:0,zw
FNDA:0,Vw
FNDA:0,(anonymous_1393)
FNDA:0,Gw
FNDA:0,(anonymous_1395)
FNDA:0,jw
FNDA:0,(anonymous_1397)
FNDA:0,(anonymous_1398)
DA:2,0
DA:3,0
DA:4,0
DA:5,0
DA:6,0
DA:7,0
DA:8,0
DA:9,0
DA:10,0
DA:11,0
DA:12,0
DA:13,0
DA:14,0
DA:15,0
DA:16,0
DA:17,0
DA:18,0
DA:19,0
DA:20,0
DA:21,0
DA:22,0
LF:21
LH:0
BRDA:2,0,0,0
BRDA:2,0,1,0
BRDA:2,1,0,0
BRDA:2,1,1,0
BRDA:2,2,0,0
BRDA:2,2,1,0
BRDA:2,3,0,0
BRDA:2,3,1,0
BRDA:2,4,0,0
BRDA:2,4,1,0
BRDA:2,5,0,0
BRDA:2,5,1,0
BRDA:2,6,0,0
BRDA:2,6,1,0
BRDA:2,7,0,0
BRDA:2,7,1,0
BRDA:2,8,0,0
BRDA:2,8,1,0
BRDA:2,9,0,0
BRDA:2,9,1,0
BRDA:2,10,0,0
BRDA:2,10,1,0
BRDA:2,11,0,0
BRDA:2,11,1,0
BRDA:2,12,0,0
BRDA:2,12,1,0
BRDA:2,13,0,0
BRDA:2,13,1,0
BRDA:2,14,0,0
BRDA:2,14,1,0
BRDA:2,15,0,0
BRDA:2,15,1,0
BRDA:2,16,0,0
BRDA:2,16,1,0
BRDA:2,17,0,0
BRDA:2,17,1,0
BRDA:2,18,0,0
BRDA:2,18,1,0
BRDA:2,19,0,0
BRDA:2,19,1,0
BRDA:2,20,0,0
BRDA:2,20,1,0
BRDA:2,21,0,0
BRDA:2,21,1,0
BRDA:2,22,0,0
BRDA:2,22,1,0
BRDA:2,23,0,0
BRDA:2,23,1,0
BRDA:2,24,0,0
BRDA:2,24,1,0
BRDA:2,25,0,0
BRDA:2,25,1,0
BRDA:2,26,0,0
BRDA:2,26,1,0
BRDA:2,27,0,0
BRDA:2,27,1,0
BRDA:2,28,0,0
BRDA:2,28,1,0
BRDA:2,29,0,0
BRDA:2,29,1,0
BRDA:2,30,0,0
BRDA:2,30,1,0
BRDA:2,31,0,0
BRDA:2,31,1,0
BRDA:2,32,0,0
BRDA:2,32,1,0
BRDA:2,33,0,0
BRDA:2,33,1,0
BRDA:2,34,0,0
BRDA:2,34,1,0
BRDA:2,35,0,0
BRDA:2,35,1,0
BRDA:2,36,0,0
BRDA:2,36,1,0
BRDA:2,37,0,0
BRDA:2,37,1,0
BRDA:2,38,0,0
BRDA:2,38,1,0
BRDA:2,39,0,0
BRDA:2,39,1,0
BRDA:2,40,0,0
BRDA:2,40,1,0
BRDA:2,41,0,0
BRDA:2,41,1,0
BRDA:2,42,0,0
BRDA:2,42,1,0
BRDA:2,43,0,0
BRDA:2,43,1,0
BRDA:2,44,0,0
BRDA:2,44,1,0
BRDA:2,45,0,0
BRDA:2,45,1,0
BRDA:2,46,0,0
BRDA:2,46,1,0
BRDA:2,47,0,0
BRDA:2,47,1,0
BRDA:2,48,0,0
BRDA:2,48,1,0
BRDA:2,49,0,0
BRDA:2,49,1,0
BRDA:2,50,0,0
BRDA:2,50,1,0
BRDA:2,51,0,0
BRDA:2,51,1,0
BRDA:2,52,0,0
BRDA:2,52,1,0
BRDA:2,53,0,0
BRDA:2,53,1,0
BRDA:2,54,0,0
BRDA:2,54,1,0
BRDA:2,55,0,0
BRDA:2,55,1,0
BRDA:2,56,0,0
BRDA:2,56,1,0
BRDA:2,57,0,0
BRDA:2,57,1,0
BRDA:2,58,0,0
BRDA:2,58,1,0
BRDA:2,59,0,0
BRDA:2,59,1,0
BRDA:2,60,0,0
BRDA:2,60,1,0
BRDA:2,61,0,0
BRDA:2,61,1,0
BRDA:2,62,0,0
BRDA:2,62,1,0
BRDA:2,63,0,0
BRDA:2,63,1,0
BRDA:2,64,0,0
BRDA:2,64,1,0
BRDA:2,65,0,0
BRDA:2,65,1,0
BRDA:2,66,0,0
BRDA:2,66,1,0
BRDA:2,67,0,0
BRDA:2,67,1,0
BRDA:2,68,0,0
BRDA:2,68,1,0
BRDA:2,69,0,0
BRDA:2,69,1,0
BRDA:2,70,0,0
BRDA:2,70,1,0
BRDA:2,71,0,0
BRDA:2,71,1,0
BRDA:2,72,0,0
BRDA:2,72,1,0
BRDA:2,73,0,0
BRDA:2,73,1,0
BRDA:2,74,0,0
BRDA:2,74,1,0
BRDA:2,75,0,0
BRDA:2,75,1,0
BRDA:2,76,0,0
BRDA:2,76,1,0
BRDA:2,77,0,0
BRDA:2,77,1,0
BRDA:2,78,0,0
BRDA:2,78,1,0
BRDA:2,79,0,0
BRDA:2,79,1,0
BRDA:2,80,0,0
BRDA:2,80,1,0
BRDA:2,81,0,0
BRDA:2,81,1,0
BRDA:3,82,0,0
BRDA:3,82,1,0
BRDA:3,83,0,0
BRDA:3,83,1,0
BRDA:3,84,0,0
BRDA:3,84,1,0
BRDA:3,85,0,0
BRDA:3,85,1,0
BRDA:3,86,0,0
BRDA:3,86,1,0
BRDA:3,87,0,0
BRDA:3,87,1,0
BRDA:3,88,0,0
BRDA:3,88,1,0
BRDA:3,89,0,0
BRDA:3,89,1,0
BRDA:3,90,0,0
BRDA:3,90,1,0
BRDA:3,91,0,0
BRDA:3,91,1,0
BRDA:3,92,0,0
BRDA:3,92,1,0
BRDA:3,93,0,0
BRDA:3,93,1,0
BRDA:3,94,0,0
BRDA:3,94,1,0
BRDA:3,95,0,0
BRDA:3,95,1,0
BRDA:3,96,0,0
BRDA:3,96,1,0
BRDA:3,97,0,0
BRDA:3,97,1,0
BRDA:3,98,0,0
BRDA:3,98,1,0
BRDA:3,99,0,0
BRDA:3,99,1,0
BRDA:3,100,0,0
BRDA:3,100,1,0
BRDA:3,101,0,0
BRDA:3,101,1,0
BRDA:3,102,0,0
BRDA:3,102,1,0
BRDA:3,103,0,0
BRDA:3,103,1,0
BRDA:3,104,0,0
BRDA:3,104,1,0
BRDA:3,105,0,0
BRDA:3,105,1,0
BRDA:3,106,0,0
BRDA:3,106,1,0
BRDA:3,107,0,0
BRDA:3,107,1,0
BRDA:3,108,0,0
BRDA:3,108,1,0
BRDA:3,109,0,0
BRDA:3,109,1,0
BRDA:3,110,0,0
BRDA:3,110,1,0
BRDA:3,111,0,0
BRDA:3,111,1,0
BRDA:3,112,0,0
BRDA:3,112,1,0
BRDA:3,113,0,0
BRDA:3,113,1,0
BRDA:3,114,0,0
BRDA:3,114,1,0
BRDA:3,115,0,0
BRDA:3,115,1,0
BRDA:3,116,0,0
BRDA:3,116,1,0
BRDA:3,117,0,0
BRDA:3,117,1,0
BRDA:3,118,0,0
BRDA:3,118,1,0
BRDA:3,119,0,0
BRDA:3,119,1,0
BRDA:3,120,0,0
BRDA:3,120,1,0
BRDA:3,121,0,0
BRDA:3,121,1,0
BRDA:3,122,0,0
BRDA:3,122,1,0
BRDA:3,123,0,0
BRDA:3,123,1,0
BRDA:3,124,0,0
BRDA:3,124,1,0
BRDA:3,125,0,0
BRDA:3,125,1,0
BRDA:3,126,0,0
BRDA:3,126,1,0
BRDA:3,127,0,0
BRDA:3,127,1,0
BRDA:3,128,0,0
BRDA:3,128,1,0
BRDA:3,129,0,0
BRDA:3,129,1,0
BRDA:3,130,0,0
BRDA:3,130,1,0
BRDA:3,131,0,0
BRDA:3,131,1,0
BRDA:3,132,0,0
BRDA:3,132,1,0
BRDA:3,133,0,0
BRDA:3,133,1,0
BRDA:3,134,0,0
BRDA:3,134,1,0
BRDA:3,135,0,0
BRDA:3,135,1,0
BRDA:3,136,0,0
BRDA:3,136,1,0
BRDA:3,137,0,0
BRDA:3,137,1,0
BRDA:3,138,0,0
BRDA:3,138,1,0
BRDA:3,139,0,0
BRDA:3,139,1,0
BRDA:3,140,0,0
BRDA:3,140,1,0
BRDA:3,141,0,0
BRDA:3,141,1,0
BRDA:3,142,0,0
BRDA:3,142,1,0
BRDA:3,143,0,0
BRDA:3,143,1,0
BRDA:3,144,0,0
BRDA:3,144,1,0
BRDA:3,145,0,0
BRDA:3,145,1,0
BRDA:3,146,0,0
BRDA:3,146,1,0
BRDA:3,147,0,0
BRDA:3,147,1,0
BRDA:3,148,0,0
BRDA:3,148,1,0
BRDA:3,149,0,0
BRDA:3,149,1,0
BRDA:3,150,0,0
BRDA:3,150,1,0
BRDA:3,151,0,0
BRDA:3,151,1,0
BRDA:3,152,0,0
BRDA:3,152,1,0
BRDA:3,153,0,0
BRDA:3,153,1,0
BRDA:3,154,0,0
BRDA:3,154,1,0
BRDA:3,155,0,0
BRDA:3,155,1,0
BRDA:3,156,0,0
BRDA:3,156,1,0
BRDA:3,157,0,0
BRDA:3,157,1,0
BRDA:3,158,0,0
BRDA:3,158,1,0
BRDA:3,159,0,0
BRDA:3,159,1,0
BRDA:3,160,0,0
BRDA:3,160,1,0
BRDA:3,161,0,0
BRDA:3,161,1,0
BRDA:3,162,0,0
BRDA:3,162,1,0
BRDA:3,163,0,0
BRDA:3,163,1,0
BRDA:3,164,0,0
BRDA:3,164,1,0
BRDA:4,165,0,0
BRDA:4,165,1,0
BRDA:4,166,0,0
BRDA:4,166,1,0
BRDA:4,167,0,0
BRDA:4,167,1,0
BRDA:4,168,0,0
BRDA:4,168,1,0
BRDA:4,169,0,0
BRDA:4,169,1,0
BRDA:4,170,0,0
BRDA:4,170,1,0
BRDA:4,171,0,0
BRDA:4,171,1,0
BRDA:4,172,0,0
BRDA:4,172,1,0
BRDA:4,173,0,0
BRDA:4,173,1,0
BRDA:4,174,0,0
BRDA:4,174,1,0
BRDA:4,175,0,0
BRDA:4,175,1,0
BRDA:4,176,0,0
BRDA:4,176,1,0
BRDA:4,177,0,0
BRDA:4,177,1,0
BRDA:4,178,0,0
BRDA:4,178,1,0
BRDA:4,179,0,0
BRDA:4,179,1,0
BRDA:4,180,0,0
BRDA:4,180,1,0
BRDA:4,181,0,0
BRDA:4,181,1,0
BRDA:4,182,0,0
BRDA:4,182,1,0
BRDA:4,183,0,0
BRDA:4,183,1,0
BRDA:4,184,0,0
BRDA:4,184,1,0
BRDA:4,185,0,0
BRDA:4,185,1,0
BRDA:4,186,0,0
BRDA:4,186,1,0
BRDA:4,187,0,0
BRDA:4,187,1,0
BRDA:4,188,0,0
BRDA:4,188,1,0
BRDA:4,189,0,0
BRDA:4,189,1,0
BRDA:4,190,0,0
BRDA:4,190,1,0
BRDA:4,191,0,0
BRDA:4,191,1,0
BRDA:4,192,0,0
BRDA:4,192,1,0
BRDA:4,193,0,0
BRDA:4,193,1,0
BRDA:4,194,0,0
BRDA:4,194,1,0
BRDA:4,195,0,0
BRDA:4,195,1,0
BRDA:4,196,0,0
BRDA:4,196,1,0
BRDA:4,197,0,0
BRDA:4,197,1,0
BRDA:4,198,0,0
BRDA:4,198,1,0
BRDA:4,199,0,0
BRDA:4,199,1,0
BRDA:4,200,0,0
BRDA:4,200,1,0
BRDA:4,201,0,0
BRDA:4,201,1,0
BRDA:4,202,0,0
BRDA:4,202,1,0
BRDA:4,203,0,0
BRDA:4,203,1,0
BRDA:4,204,0,0
BRDA:4,204,1,0
BRDA:4,205,0,0
BRDA:4,205,1,0
BRDA:4,206,0,0
BRDA:4,206,1,0
BRDA:4,207,0,0
BRDA:4,207,1,0
BRDA:4,208,0,0
BRDA:4,208,1,0
BRDA:4,209,0,0
BRDA:4,209,1,0
BRDA:4,210,0,0
BRDA:4,210,1,0
BRDA:4,211,0,0
BRDA:4,211,1,0
BRDA:4,212,0,0
BRDA:4,212,1,0
BRDA:4,213,0,0
BRDA:4,213,1,0
BRDA:4,214,0,0
BRDA:4,214,1,0
BRDA:4,215,0,0
BRDA:4,215,1,0
BRDA:4,216,0,0
BRDA:4,216,1,0
BRDA:4,217,0,0
BRDA:4,217,1,0
BRDA:4,218,0,0
BRDA:4,218,1,0
BRDA:4,219,0,0
BRDA:4,219,1,0
BRDA:4,220,0,0
BRDA:4,220,1,0
BRDA:4,221,0,0
BRDA:4,221,1,0
BRDA:4,222,0,0
BRDA:4,222,1,0
BRDA:4,223,0,0
BRDA:4,223,1,0
BRDA:4,224,0,0
BRDA:4,224,1,0
BRDA:4,225,0,0
BRDA:4,225,1,0
BRDA:4,226,0,0
BRDA:4,226,1,0
BRDA:4,227,0,0
BRDA:4,227,1,0
BRDA:4,228,0,0
BRDA:4,228,1,0
BRDA:4,229,0,0
BRDA:4,229,1,0
BRDA:4,230,0,0
BRDA:4,230,1,0
BRDA:4,231,0,0
BRDA:4,231,1,0
BRDA:4,232,0,0
BRDA:4,232,1,0
BRDA:4,233,0,0
BRDA:4,233,1,0
BRDA:4,234,0,0
BRDA:4,234,1,0
BRDA:4,235,0,0
BRDA:4,235,1,0
BRDA:4,236,0,0
BRDA:4,236,1,0
BRDA:4,237,0,0
BRDA:4,237,1,0
BRDA:4,238,0,0
BRDA:4,238,1,0
BRDA:4,239,0,0
BRDA:4,239,1,0
BRDA:4,240,0,0
BRDA:4,240,1,0
BRDA:4,241,0,0
BRDA:4,241,1,0
BRDA:4,242,0,0
BRDA:4,242,1,0
BRDA:4,243,0,0
BRDA:4,243,1,0
BRDA:4,244,0,0
BRDA:4,244,1,0
BRDA:4,245,0,0
BRDA:4,245,1,0
BRDA:4,246,0,0
BRDA:4,246,1,0
BRDA:4,247,0,0
BRDA:4,247,1,0
BRDA:4,248,0,0
BRDA:4,248,1,0
BRDA:5,249,0,0
BRDA:5,249,1,0
BRDA:5,250,0,0
BRDA:5,250,1,0
BRDA:5,251,0,0
BRDA:5,251,1,0
BRDA:5,252,0,0
BRDA:5,252,1,0
BRDA:5,253,0,0
BRDA:5,253,1,0
BRDA:5,254,0,0
BRDA:5,254,1,0
BRDA:5,255,0,0
BRDA:5,255,1,0
BRDA:5,256,0,0
BRDA:5,256,1,0
BRDA:5,257,0,0
BRDA:5,257,1,0
BRDA:5,258,0,0
BRDA:5,258,1,0
BRDA:5,259,0,0
BRDA:5,259,1,0
BRDA:5,260,0,0
BRDA:5,260,1,0
BRDA:5,261,0,0
BRDA:5,261,1,0
BRDA:5,262,0,0
BRDA:5,262,1,0
BRDA:5,263,0,0
BRDA:5,263,1,0
BRDA:5,264,0,0
BRDA:5,264,1,0
BRDA:5,265,0,0
BRDA:5,265,1,0
BRDA:5,266,0,0
BRDA:5,266,1,0
BRDA:5,267,0,0
BRDA:5,267,1,0
BRDA:5,268,0,0
BRDA:5,268,1,0
BRDA:5,269,0,0
BRDA:5,269,1,0
BRDA:5,270,0,0
BRDA:5,270,1,0
BRDA:5,271,0,0
BRDA:5,271,1,0
BRDA:5,272,0,0
BRDA:5,272,1,0
BRDA:5,273,0,0
BRDA:5,273,1,0
BRDA:5,274,0,0
BRDA:5,274,1,0
BRDA:5,275,0,0
BRDA:5,275,1,0
BRDA:5,276,0,0
BRDA:5,276,1,0
BRDA:5,277,0,0
BRDA:5,277,1,0
BRDA:5,278,0,0
BRDA:5,278,1,0
BRDA:5,279,0,0
BRDA:5,279,1,0
BRDA:5,280,0,0
BRDA:5,280,1,0
BRDA:5,281,0,0
BRDA:5,281,1,0
BRDA:5,282,0,0
BRDA:5,282,1,0
BRDA:5,283,0,0
BRDA:5,283,1,0
BRDA:5,284,0,0
BRDA:5,284,1,0
BRDA:5,285,0,0
BRDA:5,285,1,0
BRDA:5,286,0,0
BRDA:5,286,1,0
BRDA:5,287,0,0
BRDA:5,287,1,0
BRDA:5,288,0,0
BRDA:5,288,1,0
BRDA:5,289,0,0
BRDA:5,289,1,0
BRDA:5,290,0,0
BRDA:5,290,1,0
BRDA:5,291,0,0
BRDA:5,291,1,0
BRDA:5,292,0,0
BRDA:5,292,1,0
BRDA:5,293,0,0
BRDA:5,293,1,0
BRDA:5,294,0,0
BRDA:5,294,1,0
BRDA:5,295,0,0
BRDA:5,295,1,0
BRDA:5,296,0,0
BRDA:5,296,1,0
BRDA:5,297,0,0
BRDA:5,297,1,0
BRDA:5,298,0,0
BRDA:5,298,1,0
BRDA:5,299,0,0
BRDA:5,299,1,0
BRDA:5,300,0,0
BRDA:5,300,1,0
BRDA:5,301,0,0
BRDA:5,301,1,0
BRDA:5,302,0,0
BRDA:5,302,1,0
BRDA:5,303,0,0
BRDA:5,303,1,0
BRDA:5,304,0,0
BRDA:5,304,1,0
BRDA:5,305,0,0
BRDA:5,305,1,0
BRDA:5,306,0,0
BRDA:5,306,1,0
BRDA:5,307,0,0
BRDA:5,307,1,0
BRDA:5,308,0,0
BRDA:5,308,1,0
BRDA:5,309,0,0
BRDA:5,309,1,0
BRDA:5,310,0,0
BRDA:5,310,1,0
BRDA:5,311,0,0
BRDA:5,311,1,0
BRDA:5,312,0,0
BRDA:5,312,1,0
BRDA:5,313,0,0
BRDA:5,313,1,0
BRDA:5,314,0,0
BRDA:5,314,1,0
BRDA:5,315,0,0
BRDA:5,315,1,0
BRDA:5,316,0,0
BRDA:5,316,1,0
BRDA:5,317,0,0
BRDA:5,317,1,0
BRDA:5,318,0,0
BRDA:5,318,1,0
BRDA:5,319,0,0
BRDA:5,319,1,0
BRDA:5,320,0,0
BRDA:5,320,1,0
BRDA:5,321,0,0
BRDA:5,321,1,0
BRDA:5,322,0,0
BRDA:5,322,1,0
BRDA:5,323,0,0
BRDA:5,323,1,0
BRDA:5,324,0,0
BRDA:5,324,1,0
BRDA:5,325,0,0
BRDA:5,325,1,0
BRDA:5,326,0,0
BRDA:5,326,1,0
BRDA:5,327,0,0
BRDA:5,327,1,0
BRDA:5,328,0,0
BRDA:5,328,1,0
BRDA:5,329,0,0
BRDA:5,329,1,0
BRDA:5,330,0,0
BRDA:5,330,1,0
BRDA:5,331,0,0
BRDA:5,331,1,0
BRDA:5,332,0,0
BRDA:5,332,1,0
BRDA:6,333,0,0
BRDA:6,333,1,0
BRDA:6,334,0,0
BRDA:6,334,1,0
BRDA:6,335,0,0
BRDA:6,335,1,0
BRDA:6,336,0,0
BRDA:6,336,1,0
BRDA:6,337,0,0
BRDA:6,337,1,0
BRDA:6,338,0,0
BRDA:6,338,1,0
BRDA:6,339,0,0
BRDA:6,339,1,0
BRDA:6,340,0,0
BRDA:6,340,1,0
BRDA:6,341,0,0
BRDA:6,341,1,0
BRDA:6,342,0,0
BRDA:6,342,1,0
BRDA:6,343,0,0
BRDA:6,343,1,0
BRDA:6,344,0,0
BRDA:6,344,1,0
BRDA:6,345,0,0
BRDA:6,345,1,0
BRDA:6,346,0,0
BRDA:6,346,1,0
BRDA:6,347,0,0
BRDA:6,347,1,0
BRDA:6,348,0,0
BRDA:6,348,1,0
BRDA:6,349,0,0
BRDA:6,349,1,0
BRDA:6,350,0,0
BRDA:6,350,1,0
BRDA:6,351,0,0
BRDA:6,351,1,0
BRDA:6,352,0,0
BRDA:6,352,1,0
BRDA:6,353,0,0
BRDA:6,353,1,0
BRDA:6,354,0,0
BRDA:6,354,1,0
BRDA:6,355,0,0
BRDA:6,355,1,0
BRDA:6,356,0,0
BRDA:6,356,1,0
BRDA:6,357,0,0
BRDA:6,357,1,0
BRDA:6,358,0,0
BRDA:6,358,1,0
BRDA:6,359,0,0
BRDA:6,359,1,0
BRDA:6,360,0,0
BRDA:6,360,1,0
BRDA:6,361,0,0
BRDA:6,361,1,0
BRDA:6,362,0,0
BRDA:6,362,1,0
BRDA:6,363,0,0
BRDA:6,363,1,0
BRDA:6,364,0,0
BRDA:6,364,1,0
BRDA:6,365,0,0
BRDA:6,365,1,0
BRDA:6,366,0,0
BRDA:6,366,1,0
BRDA:6,367,0,0
BRDA:6,367,1,0
BRDA:6,368,0,0
BRDA:6,368,1,0
BRDA:6,369,0,0
BRDA:6,369,1,0
BRDA:6,370,0,0
BRDA:6,370,1,0
BRDA:6,371,0,0
BRDA:6,371,1,0
BRDA:6,372,0,0
BRDA:6,372,1,0
BRDA:6,373,0,0
BRDA:6,373,1,0
BRDA:6,374,0,0
BRDA:6,374,1,0
BRDA:6,375,0,0
BRDA:6,375,1,0
BRDA:6,376,0,0
BRDA:6,376,1,0
BRDA:6,377,0,0
BRDA:6,377,1,0
BRDA:6,378,0,0
BRDA:6,378,1,0
BRDA:6,379,0,0
BRDA:6,379,1,0
BRDA:6,380,0,0
BRDA:6,380,1,0
BRDA:6,381,0,0
BRDA:6,381,1,0
BRDA:6,382,0,0
BRDA:6,382,1,0
BRDA:6,383,0,0
BRDA:6,383,1,0
BRDA:6,384,0,0
BRDA:6,384,1,0
BRDA:6,385,0,0
BRDA:6,385,1,0
BRDA:6,386,0,0
BRDA:6,386,1,0
BRDA:6,387,0,0
BRDA:6,387,1,0
BRDA:6,388,0,0
BRDA:6,388,1,0
BRDA:6,389,0,0
BRDA:6,389,1,0
BRDA:6,390,0,0
BRDA:6,390,1,0
BRDA:6,391,0,0
BRDA:6,391,1,0
BRDA:6,392,0,0
BRDA:6,392,1,0
BRDA:6,393,0,0
BRDA:6,393,1,0
BRDA:6,394,0,0
BRDA:6,394,1,0
BRDA:6,395,0,0
BRDA:6,395,1,0
BRDA:6,396,0,0
BRDA:6,396,1,0
BRDA:6,397,0,0
BRDA:6,397,1,0
BRDA:6,398,0,0
BRDA:6,398,1,0
BRDA:6,399,0,0
BRDA:6,399,1,0
BRDA:6,400,0,0
BRDA:6,400,1,0
BRDA:6,401,0,0
BRDA:6,401,1,0
BRDA:6,402,0,0
BRDA:6,402,1,0
BRDA:6,403,0,0
BRDA:6,403,1,0
BRDA:6,404,0,0
BRDA:6,404,1,0
BRDA:6,405,0,0
BRDA:6,405,1,0
BRDA:6,406,0,0
BRDA:6,406,1,0
BRDA:6,407,0,0
BRDA:6,407,1,0
BRDA:6,408,0,0
BRDA:6,408,1,0
BRDA:6,409,0,0
BRDA:6,409,1,0
BRDA:6,410,0,0
BRDA:6,410,1,0
BRDA:6,411,0,0
BRDA:6,411,1,0
BRDA:6,412,0,0
BRDA:6,412,1,0
BRDA:6,413,0,0
BRDA:6,413,1,0
BRDA:6,414,0,0
BRDA:6,414,1,0
BRDA:6,415,0,0
BRDA:6,415,1,0
BRDA:7,416,0,0
BRDA:7,416,1,0
BRDA:7,417,0,0
BRDA:7,417,1,0
BRDA:7,418,0,0
BRDA:7,418,1,0
BRDA:7,419,0,0
BRDA:7,419,1,0
BRDA:7,420,0,0
BRDA:7,420,1,0
BRDA:7,421,0,0
BRDA:7,421,1,0
BRDA:7,422,0,0
BRDA:7,422,1,0
BRDA:7,423,0,0
BRDA:7,423,1,0
BRDA:7,424,0,0
BRDA:7,424,1,0
BRDA:7,425,0,0
BRDA:7,425,1,0
BRDA:7,426,0,0
BRDA:7,426,1,0
BRDA:7,427,0,0
BRDA:7,427,1,0
BRDA:7,428,0,0
BRDA:7,428,1,0
BRDA:7,429,0,0
BRDA:7,429,1,0
BRDA:7,430,0,0
BRDA:7,430,1,0
BRDA:7,431,0,0
BRDA:7,431,1,0
BRDA:7,432,0,0
BRDA:7,432,1,0
BRDA:7,433,0,0
BRDA:7,433,1,0
BRDA:7,434,0,0
BRDA:7,434,1,0
BRDA:7,435,0,0
BRDA:7,435,1,0
BRDA:7,436,0,0
BRDA:7,436,1,0
BRDA:7,437,0,0
BRDA:7,437,1,0
BRDA:7,438,0,0
BRDA:7,438,1,0
BRDA:7,439,0,0
BRDA:7,439,1,0
BRDA:7,440,0,0
BRDA:7,440,1,0
BRDA:7,441,0,0
BRDA:7,441,1,0
BRDA:7,442,0,0
BRDA:7,442,1,0
BRDA:7,443,0,0
BRDA:7,443,1,0
BRDA:7,444,0,0
BRDA:7,444,1,0
BRDA:7,445,0,0
BRDA:7,445,1,0
BRDA:7,446,0,0
BRDA:7,446,1,0
BRDA:7,447,0,0
BRDA:7,447,1,0
BRDA:7,448,0,0
BRDA:7,448,1,0
BRDA:7,449,0,0
BRDA:7,449,1,0
BRDA:7,450,0,0
BRDA:7,450,1,0
BRDA:7,451,0,0
BRDA:7,451,1,0
BRDA:7,452,0,0
BRDA:7,452,1,0
BRDA:7,453,0,0
BRDA:7,453,1,0
BRDA:7,454,0,0
BRDA:7,454,1,0
BRDA:7,455,0,0
BRDA:7,455,1,0
BRDA:7,456,0,0
BRDA:7,456,1,0
BRDA:7,457,0,0
BRDA:7,457,1,0
BRDA:7,458,0,0
BRDA:7,458,1,0
BRDA:7,459,0,0
BRDA:7,459,1,0
BRDA:7,460,0,0
BRDA:7,460,1,0
BRDA:7,461,0,0
BRDA:7,461,1,0
BRDA:7,462,0,0
BRDA:7,462,1,0
BRDA:7,463,0,0
BRDA:7,463,1,0
BRDA:7,464,0,0
BRDA:7,464,1,0
BRDA:7,465,0,0
BRDA:7,465,1,0
BRDA:7,466,0,0
BRDA:7,466,1,0
BRDA:7,467,0,0
BRDA:7,467,1,0
BRDA:7,468,0,0
BRDA:7,468,1,0
BRDA:7,469,0,0
BRDA:7,469,1,0
BRDA:7,470,0,0
BRDA:7,470,1,0
BRDA:7,471,0,0
BRDA:7,471,1,0
BRDA:7,472,0,0
BRDA:7,472,1,0
BRDA:7,473,0,0
BRDA:7,473,1,0
BRDA:7,474,0,0
BRDA:7,474,1,0
BRDA:7,475,0,0
BRDA:7,475,1,0
BRDA:7,476,0,0
BRDA:7,476,1,0
BRDA:7,477,0,0
BRDA:7,477,1,0
BRDA:7,478,0,0
BRDA:7,478,1,0
BRDA:7,479,0,0
BRDA:7,479,1,0
BRDA:7,480,0,0
BRDA:7,480,1,0
BRDA:7,481,0,0
BRDA:7,481,1,0
BRDA:7,482,0,0
BRDA:7,482,1,0
BRDA:7,483,0,0
BRDA:7,483,1,0
BRDA:7,484,0,0
BRDA:7,484,1,0
BRDA:7,485,0,0
BRDA:7,485,1,0
BRDA:7,486,0,0
BRDA:7,486,1,0
BRDA:7,487,0,0
BRDA:7,487,1,0
BRDA:7,488,0,0
BRDA:7,488,1,0
BRDA:7,489,0,0
BRDA:7,489,1,0
BRDA:7,490,0,0
BRDA:7,490,1,0
BRDA:7,491,0,0
BRDA:7,491,1,0
BRDA:7,492,0,0
BRDA:7,492,1,0
BRDA:7,493,0,0
BRDA:7,493,1,0
BRDA:7,494,0,0
BRDA:7,494,1,0
BRDA:7,495,0,0
BRDA:7,495,1,0
BRDA:7,496,0,0
BRDA:7,496,1,0
BRDA:7,496,2,0
BRDA:7,497,0,0
BRDA:7,497,1,0
BRDA:7,498,0,0
BRDA:7,498,1,0
BRDA:7,499,0,0
BRDA:7,499,1,0
BRDA:7,500,0,0
BRDA:7,500,1,0
BRDA:7,500,2,0
BRDA:7,501,0,0
BRDA:7,501,1,0
BRDA:7,502,0,0
BRDA:7,502,1,0
BRDA:7,503,0,0
BRDA:7,503,1,0
BRDA:7,504,0,0
BRDA:7,504,1,0
BRDA:7,505,0,0
BRDA:7,505,1,0
BRDA:7,506,0,0
BRDA:7,506,1,0
BRDA:7,507,0,0
BRDA:7,507,1,0
BRDA:7,508,0,0
BRDA:7,508,1,0
BRDA:8,509,0,0
BRDA:8,509,1,0
BRDA:8,510,0,0
BRDA:8,510,1,0
BRDA:8,511,0,0
BRDA:8,511,1,0
BRDA:8,512,0,0
BRDA:8,512,1,0
BRDA:8,513,0,0
BRDA:8,513,1,0
BRDA:8,514,0,0
BRDA:8,514,1,0
BRDA:8,515,0,0
BRDA:8,515,1,0
BRDA:8,516,0,0
BRDA:8,516,1,0
BRDA:8,517,0,0
BRDA:8,517,1,0
BRDA:8,518,0,0
BRDA:8,518,1,0
BRDA:8,519,0,0
BRDA:8,519,1,0
BRDA:8,520,0,0
BRDA:8,520,1,0
BRDA:8,521,0,0
BRDA:8,521,1,0
BRDA:8,522,0,0
BRDA:8,522,1,0
BRDA:8,523,0,0
BRDA:8,523,1,0
BRDA:8,524,0,0
BRDA:8,524,1,0
BRDA:8,525,0,0
BRDA:8,525,1,0
BRDA:8,526,0,0
BRDA:8,526,1,0
BRDA:8,527,0,0
BRDA:8,527,1,0
BRDA:8,528,0,0
BRDA:8,528,1,0
BRDA:8,529,0,0
BRDA:8,529,1,0
BRDA:8,530,0,0
BRDA:8,530,1,0
BRDA:8,531,0,0
BRDA:8,531,1,0
BRDA:8,532,0,0
BRDA:8,532,1,0
BRDA:8,533,0,0
BRDA:8,533,1,0
BRDA:8,534,0,0
BRDA:8,534,1,0
BRDA:8,535,0,0
BRDA:8,535,1,0
BRDA:8,536,0,0
BRDA:8,536,1,0
BRDA:8,537,0,0
BRDA:8,537,1,0
BRDA:8,538,0,0
BRDA:8,538,1,0
BRDA:8,539,0,0
BRDA:8,539,1,0
BRDA:8,540,0,0
BRDA:8,540,1,0
BRDA:8,541,0,0
BRDA:8,541,1,0
BRDA:8,542,0,0
BRDA:8,542,1,0
BRDA:8,543,0,0
BRDA:8,543,1,0
BRDA:8,544,0,0
BRDA:8,544,1,0
BRDA:8,545,0,0
BRDA:8,545,1,0
BRDA:8,546,0,0
BRDA:8,546,1,0
BRDA:8,547,0,0
BRDA:8,547,1,0
BRDA:8,548,0,0
BRDA:8,548,1,0
BRDA:8,549,0,0
BRDA:8,549,1,0
BRDA:8,550,0,0
BRDA:8,550,1,0
BRDA:8,551,0,0
BRDA:8,551,1,0
BRDA:8,552,0,0
BRDA:8,552,1,0
BRDA:8,553,0,0
BRDA:8,553,1,0
BRDA:8,554,0,0
BRDA:8,554,1,0
BRDA:8,555,0,0
BRDA:8,555,1,0
BRDA:8,556,0,0
BRDA:8,556,1,0
BRDA:8,557,0,0
BRDA:8,557,1,0
BRDA:8,558,0,0
BRDA:8,558,1,0
BRDA:8,559,0,0
BRDA:8,559,1,0
BRDA:8,560,0,0
BRDA:8,560,1,0
BRDA:8,561,0,0
BRDA:8,561,1,0
BRDA:8,562,0,0
BRDA:8,562,1,0
BRDA:8,563,0,0
BRDA:8,563,1,0
BRDA:8,564,0,0
BRDA:8,564,1,0
BRDA:8,565,0,0
BRDA:8,565,1,0
BRDA:8,566,0,0
BRDA:8,566,1,0
BRDA:8,567,0,0
BRDA:8,567,1,0
BRDA:8,568,0,0
BRDA:8,568,1,0
BRDA:8,569,0,0
BRDA:8,569,1,0
BRDA:8,570,0,0
BRDA:8,570,1,0
BRDA:8,571,0,0
BRDA:8,571,1,0
BRDA:8,572,0,0
BRDA:8,572,1,0
BRDA:8,573,0,0
BRDA:8,573,1,0
BRDA:8,574,0,0
BRDA:8,574,1,0
BRDA:8,575,0,0
BRDA:8,575,1,0
BRDA:8,576,0,0
BRDA:8,576,1,0
BRDA:8,577,0,0
BRDA:8,577,1,0
BRDA:8,578,0,0
BRDA:8,578,1,0
BRDA:8,579,0,0
BRDA:8,579,1,0
BRDA:8,580,0,0
BRDA:8,580,1,0
BRDA:8,581,0,0
BRDA:8,581,1,0
BRDA:8,582,0,0
BRDA:8,582,1,0
BRDA:8,583,0,0
BRDA:8,583,1,0
BRDA:8,584,0,0
BRDA:8,584,1,0
BRDA:8,585,0,0
BRDA:8,585,1,0
BRDA:8,586,0,0
BRDA:8,586,1,0
BRDA:8,587,0,0
BRDA:8,587,1,0
BRDA:8,588,0,0
BRDA:8,588,1,0
BRDA:8,589,0,0
BRDA:8,589,1,0
BRDA:8,590,0,0
BRDA:8,590,1,0
BRDA:8,591,0,0
BRDA:8,591,1,0
BRDA:8,592,0,0
BRDA:8,592,1,0
BRDA:8,593,0,0
BRDA:8,593,1,0
BRDA:8,593,2,0
BRDA:8,593,3,0
BRDA:8,593,4,0
BRDA:8,593,5,0
BRDA:8,593,6,0
BRDA:8,593,7,0
BRDA:8,594,0,0
BRDA:8,594,1,0
BRDA:8,595,0,0
BRDA:8,595,1,0
BRDA:8,596,0,0
BRDA:8,596,1,0
BRDA:8,597,0,0
BRDA:8,597,1,0
BRDA:8,598,0,0
BRDA:8,598,1,0
BRDA:8,599,0,0
BRDA:8,599,1,0
BRDA:8,600,0,0
BRDA:8,600,1,0
BRDA:8,601,0,0
BRDA:8,601,1,0
BRDA:8,602,0,0
BRDA:8,602,1,0
BRDA:8,603,0,0
BRDA:8,603,1,0
BRDA:8,604,0,0
BRDA:8,604,1,0
BRDA:8,605,0,0
BRDA:8,605,1,0
BRDA:8,606,0,0
BRDA:8,606,1,0
BRDA:8,607,0,0
BRDA:8,607,1,0
BRDA:8,608,0,0
BRDA:8,608,1,0
BRDA:8,609,0,0
BRDA:8,609,1,0
BRDA:8,610,0,0
BRDA:8,610,1,0
BRDA:8,611,0,0
BRDA:8,611,1,0
BRDA:8,612,0,0
BRDA:8,612,1,0
BRDA:8,613,0,0
BRDA:8,613,1,0
BRDA:8,614,0,0
BRDA:8,614,1,0
BRDA:8,615,0,0
BRDA:8,615,1,0
BRDA:8,616,0,0
BRDA:8,616,1,0
BRDA:8,617,0,0
BRDA:8,617,1,0
BRDA:8,618,0,0
BRDA:8,618,1,0
BRDA:8,619,0,0
BRDA:8,619,1,0
BRDA:8,620,0,0
BRDA:8,620,1,0
BRDA:8,621,0,0
BRDA:8,621,1,0
BRDA:8,622,0,0
BRDA:8,622,1,0
BRDA:8,623,0,0
BRDA:8,623,1,0
BRDA:8,624,0,0
BRDA:8,624,1,0
BRDA:8,625,0,0
BRDA:8,625,1,0
BRDA:8,626,0,0
BRDA:8,626,1,0
BRDA:8,627,0,0
BRDA:8,627,1,0
BRDA:8,628,0,0
BRDA:8,628,1,0
BRDA:8,629,0,0
BRDA:8,629,1,0
BRDA:8,630,0,0
BRDA:8,630,1,0
BRDA:8,631,0,0
BRDA:8,631,1,0
BRDA:8,632,0,0
BRDA:8,632,1,0
BRDA:8,633,0,0
BRDA:8,633,1,0
BRDA:8,633,2,0
BRDA:8,633,3,0
BRDA:8,633,4,0
BRDA:8,633,5,0
BRDA:8,633,6,0
BRDA:8,633,7,0
BRDA:8,634,0,0
BRDA:8,634,1,0
BRDA:8,635,0,0
BRDA:8,635,1,0
BRDA:8,636,0,0
BRDA:8,636,1,0
BRDA:8,637,0,0
BRDA:8,637,1,0
BRDA:8,638,0,0
BRDA:8,638,1,0
BRDA:8,639,0,0
BRDA:8,639,1,0
BRDA:8,640,0,0
BRDA:8,640,1,0
BRDA:8,641,0,0
BRDA:8,641,1,0
BRDA:8,642,0,0
BRDA:8,642,1,0
BRDA:8,643,0,0
BRDA:8,643,1,0
BRDA:8,644,0,0
BRDA:8,644,1,0
BRDA:8,645,0,0
BRDA:8,645,1,0
BRDA:8,646,0,0
BRDA:8,646,1,0
BRDA:8,647,0,0
BRDA:8,647,1,0
BRDA:8,648,0,0
BRDA:8,648,1,0
BRDA:8,649,0,0
BRDA:8,649,1,0
BRDA:8,650,0,0
BRDA:8,650,1,0
BRDA:8,651,0,0
BRDA:8,651,1,0
BRDA:8,652,0,0
BRDA:8,652,1,0
BRDA:8,653,0,0
BRDA:8,653,1,0
BRDA:8,654,0,0
BRDA:8,654,1,0
BRDA:8,655,0,0
BRDA:8,655,1,0
BRDA:8,655,2,0
BRDA:8,656,0,0
BRDA:8,656,1,0
BRDA:8,657,0,0
BRDA:8,657,1,0
BRDA:8,658,0,0
BRDA:8,658,1,0
BRDA:8,659,0,0
BRDA:8,659,1,0
BRDA:8,660,0,0
BRDA:8,660,1,0
BRDA:8,660,2,0
BRDA:8,661,0,0
BRDA:8,661,1,0
BRDA:8,662,0,0
BRDA:8,662,1,0
BRDA:8,663,0,0
BRDA:8,663,1,0
BRDA:8,663,2,0
BRDA:8,663,3,0
BRDA:8,664,0,0
BRDA:8,664,1,0
BRDA:8,665,0,0
BRDA:8,665,1,0
BRDA:8,665,2,0
BRDA:8,666,0,0
BRDA:8,666,1,0
BRDA:8,667,0,0
BRDA:8,667,1,0
BRDA:8,667,2,0
BRDA:8,667,3,0
BRDA:8,668,0,0
BRDA:8,668,1,0
BRDA:8,669,0,0
BRDA:8,669,1,0
BRDA:8,670,0,0
BRDA:8,670,1,0
BRDA:8,671,0,0
BRDA:8,671,1,0
BRDA:8,672,0,0
BRDA:8,672,1,0
BRDA:8,673,0,0
BRDA:8,673,1,0
BRDA:8,674,0,0
BRDA:8,674,1,0
BRDA:8,675,0,0
BRDA:8,675,1,0
BRDA:8,676,0,0
BRDA:8,676,1,0
BRDA:8,677,0,0
BRDA:8,677,1,0
BRDA:8,678,0,0
BRDA:8,678,1,0
BRDA:8,679,0,0
BRDA:8,679,1,0
BRDA:8,680,0,0
BRDA:8,680,1,0
BRDA:8,681,0,0
BRDA:8,681,1,0
BRDA:8,682,0,0
BRDA:8,682,1,0
BRDA:8,683,0,0
BRDA:8,683,1,0
BRDA:8,684,0,0
BRDA:8,684,1,0
BRDA:8,685,0,0
BRDA:8,685,1,0
BRDA:8,686,0,0
BRDA:8,686,1,0
BRDA:8,687,0,0
BRDA:8,687,1,0
BRDA:8,688,0,0
BRDA:8,688,1,0
BRDA:8,689,0,0
BRDA:8,689,1,0
BRDA:8,690,0,0
BRDA:8,690,1,0
BRDA:8,691,0,0
BRDA:8,691,1,0
BRDA:8,692,0,0
BRDA:8,692,1,0
BRDA:8,692,2,0
BRDA:8,692,3,0
BRDA:8,693,0,0
BRDA:8,693,1,0
BRDA:8,694,0,0
BRDA:8,694,1,0
BRDA:8,695,0,0
BRDA:8,695,1,0
BRDA:8,696,0,0
BRDA:8,696,1,0
BRDA:8,697,0,0
BRDA:8,697,1,0
BRDA:8,698,0,0
BRDA:8,698,1,0
BRDA:8,699,0,0
BRDA:8,699,1,0
BRDA:8,700,0,0
BRDA:8,700,1,0
BRDA:8,701,0,0
BRDA:8,701,1,0
BRDA:8,702,0,0
BRDA:8,702,1,0
BRDA:8,703,0,0
BRDA:8,703,1,0
BRDA:8,704,0,0
BRDA:8,704,1,0
BRDA:8,705,0,0
BRDA:8,705,1,0
BRDA:8,706,0,0
BRDA:8,706,1,0
BRDA:8,707,0,0
BRDA:8,707,1,0
BRDA:8,708,0,0
BRDA:8,708,1,0
BRDA:8,709,0,0
BRDA:8,709,1,0
BRDA:8,710,0,0
BRDA:8,710,1,0
BRDA:8,711,0,0
BRDA:8,711,1,0
BRDA:8,712,0,0
BRDA:8,712,1,0
BRDA:8,713,0,0
BRDA:8,713,1,0
BRDA:8,714,0,0
BRDA:8,714,1,0
BRDA:8,715,0,0
BRDA:8,715,1,0
BRDA:8,716,0,0
BRDA:8,716,1,0
BRDA:8,717,0,0
BRDA:8,717,1,0
BRDA:8,718,0,0
BRDA:8,718,1,0
BRDA:8,719,0,0
BRDA:8,719,1,0
BRDA:8,720,0,0
BRDA:8,720,1,0
BRDA:8,721,0,0
BRDA:8,721,1,0
BRDA:8,722,0,0
BRDA:8,722,1,0
BRDA:8,723,0,0
BRDA:8,723,1,0
BRDA:8,724,0,0
BRDA:8,724,1,0
BRDA:8,725,0,0
BRDA:8,725,1,0
BRDA:8,726,0,0
BRDA:8,726,1,0
BRDA:8,727,0,0
BRDA:8,727,1,0
BRDA:8,728,0,0
BRDA:8,728,1,0
BRDA:8,728,2,0
BRDA:8,728,3,0
BRDA:8,728,4,0
BRDA:8,728,5,0
BRDA:8,728,6,0
BRDA:8,728,7,0
BRDA:8,729,0,0
BRDA:8,729,1,0
BRDA:8,730,0,0
BRDA:8,730,1,0
BRDA:8,731,0,0
BRDA:8,731,1,0
BRDA:8,732,0,0
BRDA:8,732,1,0
BRDA:8,733,0,0
BRDA:8,733,1,0
BRDA:8,734,0,0
BRDA:8,734,1,0
BRDA:8,735,0,0
BRDA:8,735,1,0
BRDA:8,736,0,0
BRDA:8,736,1,0
BRDA:8,737,0,0
BRDA:8,737,1,0
BRDA:8,738,0,0
BRDA:8,738,1,0
BRDA:8,739,0,0
BRDA:8,739,1,0
BRDA:8,740,0,0
BRDA:8,740,1,0
BRDA:8,741,0,0
BRDA:8,741,1,0
BRDA:8,742,0,0
BRDA:8,742,1,0
BRDA:8,743,0,0
BRDA:8,743,1,0
BRDA:8,744,0,0
BRDA:8,744,1,0
BRDA:8,745,0,0
BRDA:8,745,1,0
BRDA:8,746,0,0
BRDA:8,746,1,0
BRDA:8,747,0,0
BRDA:8,747,1,0
BRDA:8,748,0,0
BRDA:8,748,1,0
BRDA:8,749,0,0
BRDA:8,749,1,0
BRDA:8,750,0,0
BRDA:8,750,1,0
BRDA:8,751,0,0
BRDA:8,751,1,0
BRDA:8,752,0,0
BRDA:8,752,1,0
BRDA:8,753,0,0
BRDA:8,753,1,0
BRDA:8,754,0,0
BRDA:8,754,1,0
BRDA:8,755,0,0
BRDA:8,755,1,0
BRDA:8,756,0,0
BRDA:8,756,1,0
BRDA:8,757,0,0
BRDA:8,757,1,0
BRDA:8,757,2,0
BRDA:8,758,0,0
BRDA:8,758,1,0
BRDA:8,759,0,0
BRDA:8,759,1,0
BRDA:8,760,0,0
BRDA:8,760,1,0
BRDA:8,761,0,0
BRDA:8,761,1,0
BRDA:8,762,0,0
BRDA:8,762,1,0
BRDA:8,763,0,0
BRDA:8,763,1,0
BRDA:8,763,2,0
BRDA:8,763,3,0
BRDA:8,763,4,0
BRDA:8,764,0,0
BRDA:8,764,1,0
BRDA:8,765,0,0
BRDA:8,765,1,0
BRDA:8,766,0,0
BRDA:8,766,1,0
BRDA:8,767,0,0
BRDA:8,767,1,0
BRDA:8,768,0,0
BRDA:8,768,1,0
BRDA:8,769,0,0
BRDA:8,769,1,0
BRDA:8,770,0,0
BRDA:8,770,1,0
BRDA:8,770,2,0
BRDA:8,770,3,0
BRDA:8,770,4,0
BRDA:8,770,5,0
BRDA:8,770,6,0
BRDA:8,770,7,0
BRDA:8,770,8,0
BRDA:8,770,9,0
BRDA:8,771,0,0
BRDA:8,771,1,0
BRDA:8,771,2,0
BRDA:8,772,0,0
BRDA:8,772,1,0
BRDA:8,772,2,0
BRDA:8,772,3,0
BRDA:8,772,4,0
BRDA:8,773,0,0
BRDA:8,773,1,0
BRDA:8,773,2,0
BRDA:8,773,3,0
BRDA:8,774,0,0
BRDA:8,774,1,0
BRDA:8,774,2,0
BRDA:8,775,0,0
BRDA:8,775,1,0
BRDA:8,775,2,0
BRDA:8,776,0,0
BRDA:8,776,1,0
BRDA:8,776,2,0
BRDA:8,777,0,0
BRDA:8,777,1,0
BRDA:8,778,0,0
BRDA:8,778,1,0
BRDA:8,778,2,0
BRDA:8,778,3,0
BRDA:8,778,4,0
BRDA:8,779,0,0
BRDA:8,779,1,0
BRDA:8,780,0,0
BRDA:8,780,1,0
BRDA:8,780,2,0
BRDA:8,781,0,0
BRDA:8,781,1,0
BRDA:8,782,0,0
BRDA:8,782,1,0
BRDA:8,783,0,0
BRDA:8,783,1,0
BRDA:8,784,0,0
BRDA:8,784,1,0
BRDA:8,785,0,0
BRDA:8,785,1,0
BRDA:8,786,0,0
BRDA:8,786,1,0
BRDA:8,787,0,0
BRDA:8,787,1,0
BRDA:8,788,0,0
BRDA:8,788,1,0
BRDA:8,788,2,0
BRDA:8,788,3,0
BRDA:8,788,4,0
BRDA:8,788,5,0
BRDA:8,788,6,0
BRDA:8,789,0,0
BRDA:8,789,1,0
BRDA:8,790,0,0
BRDA:8,790,1,0
BRDA:8,791,0,0
BRDA:8,791,1,0
BRDA:8,792,0,0
BRDA:8,792,1,0
BRDA:8,793,0,0
BRDA:8,793,1,0
BRDA:8,794,0,0
BRDA:8,794,1,0
BRDA:8,795,0,0
BRDA:8,795,1,0
BRDA:8,796,0,0
BRDA:8,796,1,0
BRDA:8,797,0,0
BRDA:8,797,1,0
BRDA:8,798,0,0
BRDA:8,798,1,0
BRDA:8,799,0,0
BRDA:8,799,1,0
BRDA:8,800,0,0
BRDA:8,800,1,0
BRDA:8,801,0,0
BRDA:8,801,1,0
BRDA:8,802,0,0
BRDA:8,802,1,0
BRDA:8,803,0,0
BRDA:8,803,1,0
BRDA:8,804,0,0
BRDA:8,804,1,0
BRDA:8,805,0,0
BRDA:8,805,1,0
BRDA:8,806,0,0
BRDA:8,806,1,0
BRDA:8,807,0,0
BRDA:8,807,1,0
BRDA:8,807,2,0
BRDA:8,807,3,0
BRDA:8,808,0,0
BRDA:8,808,1,0
BRDA:8,809,0,0
BRDA:8,809,1,0
BRDA:8,810,0,0
BRDA:8,810,1,0
BRDA:8,811,0,0
BRDA:8,811,1,0
BRDA:8,812,0,0
BRDA:8,812,1,0
BRDA:8,813,0,0
BRDA:8,813,1,0
BRDA:8,814,0,0
BRDA:8,814,1,0
BRDA:8,815,0,0
BRDA:8,815,1,0
BRDA:8,816,0,0
BRDA:8,816,1,0
BRDA:8,817,0,0
BRDA:8,817,1,0
BRDA:8,818,0,0
BRDA:8,818,1,0
BRDA:8,819,0,0
BRDA:8,819,1,0
BRDA:8,820,0,0
BRDA:8,820,1,0
BRDA:8,821,0,0
BRDA:8,821,1,0
BRDA:8,822,0,0
BRDA:8,822,1,0
BRDA:8,823,0,0
BRDA:8,823,1,0
BRDA:8,824,0,0
BRDA:8,824,1,0
BRDA:8,825,0,0
BRDA:8,825,1,0
BRDA:8,826,0,0
BRDA:8,826,1,0
BRDA:8,827,0,0
BRDA:8,827,1,0
BRDA:8,828,0,0
BRDA:8,828,1,0
BRDA:8,829,0,0
BRDA:8,829,1,0
BRDA:8,830,0,0
BRDA:8,830,1,0
BRDA:8,831,0,0
BRDA:8,831,1,0
BRDA:8,832,0,0
BRDA:8,832,1,0
BRDA:8,833,0,0
BRDA:8,833,1,0
BRDA:8,834,0,0
BRDA:8,834,1,0
BRDA:8,835,0,0
BRDA:8,835,1,0
BRDA:8,836,0,0
BRDA:8,836,1,0
BRDA:8,837,0,0
BRDA:8,837,1,0
BRDA:8,838,0,0
BRDA:8,838,1,0
BRDA:8,839,0,0
BRDA:8,839,1,0
BRDA:8,840,0,0
BRDA:8,840,1,0
BRDA:8,841,0,0
BRDA:8,841,1,0
BRDA:8,842,0,0
BRDA:8,842,1,0
BRDA:8,843,0,0
BRDA:8,843,1,0
BRDA:8,844,0,0
BRDA:8,844,1,0
BRDA:8,845,0,0
BRDA:8,845,1,0
BRDA:8,846,0,0
BRDA:8,846,1,0
BRDA:8,847,0,0
BRDA:8,847,1,0
BRDA:8,848,0,0
BRDA:8,848,1,0
BRDA:8,849,0,0
BRDA:8,849,1,0
BRDA:8,850,0,0
BRDA:8,850,1,0
BRDA:8,851,0,0
BRDA:8,851,1,0
BRDA:8,852,0,0
BRDA:8,852,1,0
BRDA:8,853,0,0
BRDA:8,853,1,0
BRDA:8,853,2,0
BRDA:8,853,3,0
BRDA:8,853,4,0
BRDA:8,853,5,0
BRDA:8,853,6,0
BRDA:8,854,0,0
BRDA:8,854,1,0
BRDA:8,855,0,0
BRDA:8,855,1,0
BRDA:8,856,0,0
BRDA:8,856,1,0
BRDA:8,857,0,0
BRDA:8,857,1,0
BRDA:8,858,0,0
BRDA:8,858,1,0
BRDA:8,859,0,0
BRDA:8,859,1,0
BRDA:8,860,0,0
BRDA:8,860,1,0
BRDA:8,861,0,0
BRDA:8,861,1,0
BRDA:8,862,0,0
BRDA:8,862,1,0
BRDA:8,863,0,0
BRDA:8,863,1,0
BRDA:8,864,0,0
BRDA:8,864,1,0
BRDA:8,865,0,0
BRDA:8,865,1,0
BRDA:8,866,0,0
BRDA:8,866,1,0
BRDA:8,867,0,0
BRDA:8,867,1,0
BRDA:8,868,0,0
BRDA:8,868,1,0
BRDA:8,869,0,0
BRDA:8,869,1,0
BRDA:8,870,0,0
BRDA:8,870,1,0
BRDA:8,871,0,0
BRDA:8,871,1,0
BRDA:8,872,0,0
BRDA:8,872,1,0
BRDA:8,873,0,0
BRDA:8,873,1,0
BRDA:8,874,0,0
BRDA:8,874,1,0
BRDA:8,875,0,0
BRDA:8,875,1,0
BRDA:8,876,0,0
BRDA:8,876,1,0
BRDA:8,877,0,0
BRDA:8,877,1,0
BRDA:8,878,0,0
BRDA:8,878,1,0
BRDA:8,879,0,0
BRDA:8,879,1,0
BRDA:8,880,0,0
BRDA:8,880,1,0
BRDA:8,881,0,0
BRDA:8,881,1,0
BRDA:8,882,0,0
BRDA:8,882,1,0
BRDA:8,883,0,0
BRDA:8,883,1,0
BRDA:8,884,0,0
BRDA:8,884,1,0
BRDA:8,885,0,0
BRDA:8,885,1,0
BRDA:8,886,0,0
BRDA:8,886,1,0
BRDA:8,887,0,0
BRDA:8,887,1,0
BRDA:8,888,0,0
BRDA:8,888,1,0
BRDA:8,889,0,0
BRDA:8,889,1,0
BRDA:8,890,0,0
BRDA:8,890,1,0
BRDA:8,891,0,0
BRDA:8,891,1,0
BRDA:8,892,0,0
BRDA:8,892,1,0
BRDA:8,893,0,0
BRDA:8,893,1,0
BRDA:8,894,0,0
BRDA:8,894,1,0
BRDA:8,895,0,0
BRDA:8,895,1,0
BRDA:8,896,0,0
BRDA:8,896,1,0
BRDA:8,897,0,0
BRDA:8,897,1,0
BRDA:8,898,0,0
BRDA:8,898,1,0
BRDA:8,899,0,0
BRDA:8,899,1,0
BRDA:8,900,0,0
BRDA:8,900,1,0
BRDA:8,901,0,0
BRDA:8,901,1,0
BRDA:8,902,0,0
BRDA:8,902,1,0
BRDA:8,903,0,0
BRDA:8,903,1,0
BRDA:8,904,0,0
BRDA:8,904,1,0
BRDA:8,905,0,0
BRDA:8,905,1,0
BRDA:8,906,0,0
BRDA:8,906,1,0
BRDA:8,906,2,0
BRDA:8,906,3,0
BRDA:8,907,0,0
BRDA:8,907,1,0
BRDA:8,908,0,0
BRDA:8,908,1,0
BRDA:8,909,0,0
BRDA:8,909,1,0
BRDA:8,910,0,0
BRDA:8,910,1,0
BRDA:8,910,2,0
BRDA:8,910,3,0
BRDA:8,910,4,0
BRDA:8,911,0,0
BRDA:8,911,1,0
BRDA:8,912,0,0
BRDA:8,912,1,0
BRDA:8,912,2,0
BRDA:8,912,3,0
BRDA:8,912,4,0
BRDA:8,912,5,0
BRDA:8,912,6,0
BRDA:8,912,7,0
BRDA:8,912,8,0
BRDA:8,912,9,0
BRDA:8,912,10,0
BRDA:8,912,11,0
BRDA:8,912,12,0
BRDA:8,912,13,0
BRDA:8,912,14,0
BRDA:8,912,15,0
BRDA:8,912,16,0
BRDA:8,912,17,0
BRDA:8,912,18,0
BRDA:8,912,19,0
BRDA:8,912,20,0
BRDA:8,912,21,0
BRDA:8,912,22,0
BRDA:8,912,23,0
BRDA:8,912,24,0
BRDA:8,912,25,0
BRDA:8,912,26,0
BRDA:8,912,27,0
BRDA:8,912,28,0
BRDA:8,912,29,0
BRDA:8,912,30,0
BRDA:8,912,31,0
BRDA:8,912,32,0
BRDA:8,912,33,0
BRDA:8,912,34,0
BRDA:8,912,35,0
BRDA:8,912,36,0
BRDA:8,912,37,0
BRDA:8,912,38,0
BRDA:8,912,39,0
BRDA:8,912,40,0
BRDA:8,912,41,0
BRDA:8,913,0,0
BRDA:8,913,1,0
BRDA:8,914,0,0
BRDA:8,914,1,0
BRDA:8,915,0,0
BRDA:8,915,1,0
BRDA:8,916,0,0
BRDA:8,916,1,0
BRDA:8,917,0,0
BRDA:8,917,1,0
BRDA:8,918,0,0
BRDA:8,918,1,0
BRDA:8,919,0,0
BRDA:8,919,1,0
BRDA:8,920,0,0
BRDA:8,920,1,0
BRDA:8,921,0,0
BRDA:8,921,1,0
BRDA:8,922,0,0
BRDA:8,922,1,0
BRDA:8,922,2,0
BRDA:8,922,3,0
BRDA:8,922,4,0
BRDA:8,923,0,0
BRDA:8,923,1,0
BRDA:8,924,0,0
BRDA:8,924,1,0
BRDA:8,925,0,0
BRDA:8,925,1,0
BRDA:9,926,0,0
BRDA:9,926,1,0
BRDA:9,926,2,0
BRDA:9,926,3,0
BRDA:9,926,4,0
BRDA:9,926,5,0
BRDA:9,926,6,0
BRDA:9,926,7,0
BRDA:9,926,8,0
BRDA:9,926,9,0
BRDA:9,926,10,0
BRDA:9,926,11,0
BRDA:9,926,12,0
BRDA:9,926,13,0
BRDA:9,926,14,0
BRDA:9,926,15,0
BRDA:9,926,16,0
BRDA:9,926,17,0
BRDA:9,926,18,0
BRDA:9,926,19,0
BRDA:9,926,20,0
BRDA:9,926,21,0
BRDA:9,926,22,0
BRDA:9,926,23,0
BRDA:9,926,24,0
BRDA:9,926,25,0
BRDA:9,926,26,0
BRDA:9,926,27,0
BRDA:9,926,28,0
BRDA:9,926,29,0
BRDA:9,926,30,0
BRDA:9,926,31,0
BRDA:9,926,32,0
BRDA:9,926,33,0
BRDA:9,926,34,0
BRDA:9,926,35,0
BRDA:9,926,36,0
BRDA:9,926,37,0
BRDA:9,926,38,0
BRDA:9,926,39,0
BRDA:9,926,40,0
BRDA:9,926,41,0
BRDA:9,926,42,0
BRDA:9,927,0,0
BRDA:9,927,1,0
BRDA:9,928,0,0
BRDA:9,928,1,0
BRDA:9,929,0,0
BRDA:9,929,1,0
BRDA:9,930,0,0
BRDA:9,930,1,0
BRDA:9,931,0,0
BRDA:9,931,1,0
BRDA:9,932,0,0
BRDA:9,932,1,0
BRDA:9,933,0,0
BRDA:9,933,1,0
BRDA:9,934,0,0
BRDA:9,934,1,0
BRDA:9,935,0,0
BRDA:9,935,1,0
BRDA:9,936,0,0
BRDA:9,936,1,0
BRDA:9,937,0,0
BRDA:9,937,1,0
BRDA:9,938,0,0
BRDA:9,938,1,0
BRDA:9,939,0,0
BRDA:9,939,1,0
BRDA:9,940,0,0
BRDA:9,940,1,0
BRDA:9,941,0,0
BRDA:9,941,1,0
BRDA:9,942,0,0
BRDA:9,942,1,0
BRDA:9,943,0,0
BRDA:9,943,1,0
BRDA:9,944,0,0
BRDA:9,944,1,0
BRDA:9,945,0,0
BRDA:9,945,1,0
BRDA:9,946,0,0
BRDA:9,946,1,0
BRDA:9,947,0,0
BRDA:9,947,1,0
BRDA:9,948,0,0
BRDA:9,948,1,0
BRDA:9,949,0,0
BRDA:9,949,1,0
BRDA:9,950,0,0
BRDA:9,950,1,0
BRDA:9,951,0,0
BRDA:9,951,1,0
BRDA:9,952,0,0
BRDA:9,952,1,0
BRDA:9,953,0,0
BRDA:9,953,1,0
BRDA:9,954,0,0
BRDA:9,954,1,0
BRDA:9,955,0,0
BRDA:9,955,1,0
BRDA:9,956,0,0
BRDA:9,956,1,0
BRDA:9,957,0,0
BRDA:9,957,1,0
BRDA:9,958,0,0
BRDA:9,958,1,0
BRDA:9,959,0,0
BRDA:9,959,1,0
BRDA:9,960,0,0
BRDA:9,960,1,0
BRDA:9,961,0,0
BRDA:9,961,1,0
BRDA:9,962,0,0
BRDA:9,962,1,0
BRDA:9,963,0,0
BRDA:9,963,1,0
BRDA:9,964,0,0
BRDA:9,964,1,0
BRDA:9,965,0,0
BRDA:9,965,1,0
BRDA:9,966,0,0
BRDA:9,966,1,0
BRDA:9,967,0,0
BRDA:9,967,1,0
BRDA:9,968,0,0
BRDA:9,968,1,0
BRDA:9,969,0,0
BRDA:9,969,1,0
BRDA:9,970,0,0
BRDA:9,970,1,0
BRDA:9,971,0,0
BRDA:9,971,1,0
BRDA:9,971,2,0
BRDA:9,971,3,0
BRDA:9,971,4,0
BRDA:9,971,5,0
BRDA:9,971,6,0
BRDA:9,971,7,0
BRDA:9,971,8,0
BRDA:9,971,9,0
BRDA:9,972,0,0
BRDA:9,972,1,0
BRDA:9,973,0,0
BRDA:9,973,1,0
BRDA:9,974,0,0
BRDA:9,974,1,0
BRDA:9,975,0,0
BRDA:9,975,1,0
BRDA:9,976,0,0
BRDA:9,976,1,0
BRDA:9,977,0,0
BRDA:9,977,1,0
BRDA:9,978,0,0
BRDA:9,978,1,0
BRDA:9,979,0,0
BRDA:9,979,1,0
BRDA:9,980,0,0
BRDA:9,980,1,0
BRDA:9,981,0,0
BRDA:9,981,1,0
BRDA:9,982,0,0
BRDA:9,982,1,0
BRDA:9,983,0,0
BRDA:9,983,1,0
BRDA:9,983,2,0
BRDA:9,984,0,0
BRDA:9,984,1,0
BRDA:9,985,0,0
BRDA:9,985,1,0
BRDA:9,986,0,0
BRDA:9,986,1,0
BRDA:9,987,0,0
BRDA:9,987,1,0
BRDA:9,988,0,0
BRDA:9,988,1,0
BRDA:9,989,0,0
BRDA:9,989,1,0
BRDA:9,989,2,0
BRDA:9,989,3,0
BRDA:9,989,4,0
BRDA:9,989,5,0
BRDA:9,989,6,0
BRDA:9,989,7,0
BRDA:9,989,8,0
BRDA:9,989,9,0
BRDA:9,989,10,0
BRDA:9,989,11,0
BRDA:9,989,12,0
BRDA:9,989,13,0
BRDA:9,989,14,0
BRDA:9,989,15,0
BRDA:9,989,16,0
BRDA:9,989,17,0
BRDA:9,990,0,0
BRDA:9,990,1,0
BRDA:9,990,2,0
BRDA:9,990,3,0
BRDA:9,990,4,0
BRDA:9,990,5,0
BRDA:9,990,6,0
BRDA:9,990,7,0
BRDA:9,990,8,0
BRDA:9,990,9,0
BRDA:9,990,10,0
BRDA:9,990,11,0
BRDA:9,990,12,0
BRDA:9,990,13,0
BRDA:9,990,14,0
BRDA:9,990,15,0
BRDA:9,990,16,0
BRDA:9,990,17,0
BRDA:9,991,0,0
BRDA:9,991,1,0
BRDA:9,992,0,0
BRDA:9,992,1,0
BRDA:9,993,0,0
BRDA:9,993,1,0
BRDA:9,994,0,0
BRDA:9,994,1,0
BRDA:9,995,0,0
BRDA:9,995,1,0
BRDA:9,996,0,0
BRDA:9,996,1,0
BRDA:9,997,0,0
BRDA:9,997,1,0
BRDA:9,998,0,0
BRDA:9,998,1,0
BRDA:9,998,2,0
BRDA:9,999,0,0
BRDA:9,999,1,0
BRDA:9,1000,0,0
BRDA:9,1000,1,0
BRDA:9,1000,2,0
BRDA:9,1001,0,0
BRDA:9,1001,1,0
BRDA:9,1002,0,0
BRDA:9,1002,1,0
BRDA:9,1003,0,0
BRDA:9,1003,1,0
BRDA:9,1004,0,0
BRDA:9,1004,1,0
BRDA:9,1005,0,0
BRDA:9,1005,1,0
BRDA:9,1006,0,0
BRDA:9,1006,1,0
BRDA:9,1007,0,0
BRDA:9,1007,1,0
BRDA:9,1008,0,0
BRDA:9,1008,1,0
BRDA:9,1009,0,0
BRDA:9,1009,1,0
BRDA:9,1010,0,0
BRDA:9,1010,1,0
BRDA:9,1011,0,0
BRDA:9,1011,1,0
BRDA:9,1012,0,0
BRDA:9,1012,1,0
BRDA:9,1013,0,0
BRDA:9,1013,1,0
BRDA:9,1014,0,0
BRDA:9,1014,1,0
BRDA:9,1015,0,0
BRDA:9,1015,1,0
BRDA:9,1016,0,0
BRDA:9,1016,1,0
BRDA:9,1016,2,0
BRDA:9,1017,0,0
BRDA:9,1017,1,0
BRDA:9,1018,0,0
BRDA:9,1018,1,0
BRDA:9,1019,0,0
BRDA:9,1019,1,0
BRDA:9,1020,0,0
BRDA:9,1020,1,0
BRDA:9,1020,2,0
BRDA:9,1021,0,0
BRDA:9,1021,1,0
BRDA:9,1022,0,0
BRDA:9,1022,1,0
BRDA:9,1023,0,0
BRDA:9,1023,1,0
BRDA:9,1024,0,0
BRDA:9,1024,1,0
BRDA:9,1025,0,0
BRDA:9,1025,1,0
BRDA:9,1026,0,0
[...]
BRDA:142,13,0,0
BRDA:146,14,0,0
BRDA:146,14,1,0
BRDA:146,15,0,0
BRDA:146,15,1,0
BRDA:157,16,0,0
BRDA:159,17,0,0
BRDA:160,18,0,0
BRDA:161,19,0,0
BRDA:162,20,0,0
BRDA:169,21,0,0
BRDA:169,21,1,0
BRDA:180,22,0,0
BRDA:180,22,1,0
BRDA:191,23,0,0
BRDA:222,24,0,0
BRDA:222,24,1,0
BRDA:234,25,0,0
BRDA:234,25,1,0
BRDA:234,26,0,0
BRDA:234,26,1,0
BRDA:235,27,0,0
BRDA:235,27,1,0
BRDA:236,28,0,0
BRDA:236,28,1,0
BRDA:251,29,0,0
BRDA:251,29,1,0
BRDA:256,30,0,0
BRDA:256,30,1,0
BRDA:265,31,0,0
BRDA:265,31,1,0
BRDA:268,32,0,0
BRDA:268,32,1,0
BRDA:277,33,0,0
BRDA:277,33,1,0
BRDA:301,34,0,0
BRDA:301,34,1,0
BRF:60
BRH:0
end_of_record
TN:
SF:src\renderer\js\utils\error-handler.js
FN:9,(anonymous_0)
FN:24,(anonymous_1)
FN:34,(anonymous_2)
FN:36,(anonymous_3)
FN:44,(anonymous_4)
FN:58,(anonymous_5)
FN:92,(anonymous_6)
FN:127,(anonymous_7)
FN:142,(anonymous_8)
FN:164,(anonymous_9)
FN:191,(anonymous_10)
FN:201,(anonymous_11)
FN:208,(anonymous_12)
FN:209,(anonymous_13)
FN:210,(anonymous_14)
FN:223,(anonymous_15)
FN:235,(anonymous_16)
FN:242,(anonymous_17)
FN:249,(anonymous_18)
FN:264,(anonymous_19)
FN:271,(anonymous_20)
FN:282,(anonymous_21)
FN:293,(anonymous_22)
FN:311,(anonymous_23)
FN:338,(anonymous_24)
FNF:25
FNH:0
FNDA:0,(anonymous_0)
FNDA:0,(anonymous_1)
FNDA:0,(anonymous_2)
FNDA:0,(anonymous_3)
FNDA:0,(anonymous_4)
FNDA:0,(anonymous_5)
FNDA:0,(anonymous_6)
FNDA:0,(anonymous_7)
FNDA:0,(anonymous_8)
FNDA:0,(anonymous_9)
FNDA:0,(anonymous_10)
FNDA:0,(anonymous_11)
FNDA:0,(anonymous_12)
FNDA:0,(anonymous_13)
FNDA:0,(anonymous_14)
FNDA:0,(anonymous_15)
FNDA:0,(anonymous_16)
FNDA:0,(anonymous_17)
FNDA:0,(anonymous_18)
FNDA:0,(anonymous_19)
FNDA:0,(anonymous_20)
FNDA:0,(anonymous_21)
FNDA:0,(anonymous_22)
FNDA:0,(anonymous_23)
FNDA:0,(anonymous_24)
DA:7,0
DA:10,0
DA:11,0
DA:14,0
DA:15,0
DA:16,0
DA:19,0
DA:21,0
DA:25,0
DA:26,0
DA:28,0
DA:36,0
DA:37,0
DA:44,0
DA:45,0
DA:59,0
DA:70,0
DA:73,0
DA:76,0
DA:77,0
DA:81,0
DA:84,0
DA:86,0
DA:93,0
DA:94,0
DA:101,0
DA:102,0
DA:109,0
DA:110,0
DA:117,0
DA:128,0
DA:130,0
DA:131,0
DA:134,0
DA:136,0
DA:143,0
DA:144,0
DA:146,0
DA:148,0
DA:149,0
DA:151,0
DA:152,0
DA:154,0
DA:155,0
DA:157,0
DA:165,0
DA:167,0
DA:170,0
DA:172,0
DA:173,0
DA:175,0
DA:176,0
DA:178,0
DA:179,0
DA:181,0
DA:184,0
DA:185,0
DA:192,0
DA:193,0
DA:195,0
DA:202,0
DA:209,0
DA:210,0
DA:211,0
DA:212,0
DA:214,0
DA:224,0
DA:227,0
DA:228,0
DA:236,0
DA:243,0
DA:252,0
DA:253,0
DA:254,0
DA:256,0
DA:265,0
DA:272,0
DA:282,0
DA:283,0
DA:284,0
DA:287,0
DA:294,0
DA:295,0
DA:297,0
DA:300,0
DA:301,0
DA:304,0
DA:318,0
DA:322,0
DA:323,0
DA:324,0
DA:326,0
DA:328,0
DA:329,0
DA:330,0
DA:333,0
DA:334,0
DA:338,0
DA:339,0
DA:347,0
DA:350,0
DA:351,0
DA:352,0
LF:103
LH:0
BRDA:10,0,0,0
BRDA:10,0,1,0
BRDA:25,1,0,0
BRDA:25,1,1,0
BRDA:58,2,0,0
BRDA:65,3,0,0
BRDA:65,3,1,0
BRDA:76,4,0,0
BRDA:76,4,1,0
BRDA:93,5,0,0
BRDA:93,5,1,0
BRDA:101,6,0,0
BRDA:101,6,1,0
BRDA:109,7,0,0
BRDA:109,7,1,0
BRDA:109,8,0,0
BRDA:109,8,1,0
BRDA:111,9,0,0
BRDA:111,9,1,0
BRDA:112,10,0,0
BRDA:112,10,1,0
BRDA:113,11,0,0
BRDA:113,11,1,0
BRDA:128,12,0,0
BRDA:128,12,1,0
BRDA:130,13,0,0
BRDA:130,13,1,0
BRDA:130,14,0,0
BRDA:130,14,1,0
BRDA:134,15,0,0
BRDA:134,15,1,0
BRDA:146,16,0,0
BRDA:146,16,1,0
BRDA:146,16,2,0
BRDA:146,16,3,0
BRDA:167,17,0,0
BRDA:167,17,1,0
BRDA:170,18,0,0
BRDA:170,18,1,0
BRDA:170,18,2,0
BRDA:170,18,3,0
BRDA:184,19,0,0
BRDA:184,19,1,0
BRDA:184,20,0,0
BRDA:184,20,1,0
BRDA:192,21,0,0
BRDA:192,21,1,0
BRDA:227,22,0,0
BRDA:227,22,1,0
BRDA:235,23,0,0
BRDA:252,24,0,0
BRDA:252,24,1,0
BRDA:283,25,0,0
BRDA:283,25,1,0
BRDA:284,26,0,0
BRDA:284,26,1,0
BRDA:293,27,0,0
BRDA:300,28,0,0
BRDA:300,28,1,0
BRDA:311,29,0,0
BRDA:313,30,0,0
BRDA:314,31,0,0
BRDA:315,32,0,0
BRDA:316,33,0,0
BRDA:317,34,0,0
BRDA:328,35,0,0
BRDA:328,35,1,0
BRDA:333,36,0,0
BRDA:333,36,1,0
BRDA:350,37,0,0
BRDA:350,37,1,0
BRF:71
BRH:0
end_of_record
TN:
SF:src\renderer\js\utils\helpers.js
FN:12,(anonymous_0)
FN:26,(anonymous_1)
FN:27,(anonymous_2)
FN:38,(anonymous_3)
FN:51,(anonymous_4)
FN:58,(anonymous_5)
FN:71,(anonymous_6)
FN:79,(anonymous_7)
FN:95,(anonymous_8)
FN:111,(anonymous_9)
FN:147,(anonymous_10)
FN:171,(anonymous_11)
FN:173,executedFunction
FN:174,(anonymous_13)
FN:190,(anonymous_14)
FN:192,(anonymous_15)
FN:196,(anonymous_16)
FN:205,(anonymous_17)
FN:215,(anonymous_18)
FN:220,(anonymous_19)
FN:232,(anonymous_20)
FN:254,(anonymous_21)
FN:262,(anonymous_22)
FN:271,(anonymous_23)
FN:285,(anonymous_24)
FN:301,(anonymous_25)
FN:316,(anonymous_26)
FN:327,(anonymous_27)
FN:343,(anonymous_28)
FN:346,(anonymous_29)
FN:357,(anonymous_30)
FN:368,(anonymous_31)
FN:379,(anonymous_32)
FN:392,(anonymous_33)
FN:425,(anonymous_34)
FN:426,(anonymous_35)
FN:452,(anonymous_36)
FN:455,(anonymous_37)
FN:457,(anonymous_38)
FN:472,(anonymous_39)
FN:476,(anonymous_40)
FN:478,(anonymous_41)
FN:491,(anonymous_42)
FN:507,(anonymous_43)
FN:521,(anonymous_44)
FN:536,(anonymous_45)
FN:554,(anonymous_46)
FN:582,(anonymous_47)
FN:583,(anonymous_48)
FN:592,(anonymous_49)
FNF:50
FNH:0
FNDA:0,(anonymous_0)
FNDA:0,(anonymous_1)
FNDA:0,(anonymous_2)
FNDA:0,(anonymous_3)
FNDA:0,(anonymous_4)
FNDA:0,(anonymous_5)
FNDA:0,(anonymous_6)
FNDA:0,(anonymous_7)
FNDA:0,(anonymous_8)
FNDA:0,(anonymous_9)
FNDA:0,(anonymous_10)
FNDA:0,(anonymous_11)
FNDA:0,executedFunction
FNDA:0,(anonymous_13)
FNDA:0,(anonymous_14)
FNDA:0,(anonymous_15)
FNDA:0,(anonymous_16)
FNDA:0,(anonymous_17)
FNDA:0,(anonymous_18)
FNDA:0,(anonymous_19)
FNDA:0,(anonymous_20)
FNDA:0,(anonymous_21)
FNDA:0,(anonymous_22)
FNDA:0,(anonymous_23)
FNDA:0,(anonymous_24)
FNDA:0,(anonymous_25)
FNDA:0,(anonymous_26)
FNDA:0,(anonymous_27)
FNDA:0,(anonymous_28)
FNDA:0,(anonymous_29)
FNDA:0,(anonymous_30)
FNDA:0,(anonymous_31)
FNDA:0,(anonymous_32)
FNDA:0,(anonymous_33)
FNDA:0,(anonymous_34)
FNDA:0,(anonymous_35)
FNDA:0,(anonymous_36)
FNDA:0,(anonymous_37)
FNDA:0,(anonymous_38)
FNDA:0,(anonymous_39)
FNDA:0,(anonymous_40)
FNDA:0,(anonymous_41)
FNDA:0,(anonymous_42)
FNDA:0,(anonymous_43)
FNDA:0,(anonymous_44)
FNDA:0,(anonymous_45)
FNDA:0,(anonymous_46)
FNDA:0,(anonymous_47)
FNDA:0,(anonymous_48)
FNDA:0,(anonymous_49)
DA:13,0
DA:14,0
DA:16,0
DA:17,0
DA:20,0
DA:27,0
DA:28,0
DA:29,0
DA:30,0
DA:39,0
DA:40,0
DA:43,0
DA:51,0
DA:59,0
DA:60,0
DA:63,0
DA:71,0
DA:80,0
DA:81,0
DA:84,0
DA:96,0
DA:97,0
DA:100,0
DA:112,0
DA:114,0
DA:116,0
DA:117,0
DA:120,0
DA:140,0
DA:148,0
DA:150,0
DA:151,0
DA:152,0
DA:153,0
DA:154,0
DA:155,0
DA:157,0
DA:158,0
DA:159,0
DA:160,0
DA:162,0
DA:173,0
DA:174,0
DA:175,0
DA:176,0
DA:178,0
DA:179,0
DA:180,0
DA:181,0
DA:192,0
DA:193,0
DA:194,0
DA:195,0
DA:196,0
DA:206,0
DA:207,0
DA:210,0
DA:211,0
DA:214,0
DA:215,0
DA:218,0
DA:219,0
DA:220,0
DA:221,0
DA:223,0
DA:233,0
DA:234,0
DA:236,0
DA:237,0
DA:238,0
DA:239,0
DA:240,0
DA:242,0
DA:247,0
DA:255,0
DA:263,0
DA:264,0
DA:272,0
DA:273,0
DA:274,0
DA:276,0
DA:286,0
DA:288,0
DA:289,0
DA:290,0
DA:292,0
DA:294,0
DA:302,0
DA:303,0
DA:304,0
DA:306,0
DA:308,0
DA:310,0
DA:311,0
DA:312,0
DA:313,0
DA:316,0
DA:317,0
DA:318,0
DA:328,0
DA:344,0
DA:346,0
DA:347,0
DA:358,0
DA:359,0
DA:361,0
DA:369,0
DA:371,0
DA:372,0
DA:380,0
DA:381,0
DA:382,0
DA:383,0
DA:384,0
DA:393,0
DA:394,0
DA:395,0
DA:397,0
DA:398,0
DA:399,0
DA:401,0
DA:402,0
DA:403,0
DA:404,0
DA:406,0
DA:408,0
DA:409,0
DA:410,0
DA:412,0
DA:416,0
DA:417,0
DA:426,0
DA:427,0
DA:428,0
DA:429,0
DA:432,0
DA:433,0
DA:434,0
DA:437,0
DA:438,0
DA:440,0
DA:441,0
DA:443,0
DA:453,0
DA:455,0
DA:457,0
DA:458,0
DA:459,0
DA:460,0
DA:462,0
DA:463,0
DA:473,0
DA:474,0
DA:476,0
DA:478,0
DA:479,0
DA:480,0
DA:481,0
DA:483,0
DA:484,0
DA:492,0
DA:493,0
DA:494,0
DA:495,0
DA:496,0
DA:498,0
DA:508,0
DA:509,0
DA:511,0
DA:512,0
DA:522,0
DA:523,0
DA:525,0
DA:526,0
DA:537,0
DA:538,0
DA:540,0
DA:541,0
DA:542,0
DA:543,0
DA:544,0
DA:545,0
DA:547,0
DA:555,0
DA:556,0
DA:557,0
DA:558,0
DA:561,0
DA:562,0
DA:563,0
DA:564,0
DA:565,0
DA:566,0
DA:567,0
DA:568,0
DA:569,0
DA:570,0
DA:573,0
DA:574,0
DA:583,0
DA:595,0
DA:596,0
DA:597,0
DA:599,0
DA:601,0
DA:602,0
DA:605,0
DA:606,0
DA:613,0
DA:614,0
LF:210
LH:0
BRDA:12,0,0,0
BRDA:12,1,0,0
BRDA:20,2,0,0
BRDA:20,2,1,0
BRDA:29,3,0,0
BRDA:29,3,1,0
BRDA:39,4,0,0
BRDA:39,4,1,0
BRDA:59,5,0,0
BRDA:59,5,1,0
BRDA:79,6,0,0
BRDA:80,7,0,0
BRDA:80,7,1,0
BRDA:80,8,0,0
BRDA:80,8,1,0
BRDA:95,9,0,0
BRDA:96,10,0,0
BRDA:96,10,1,0
BRDA:96,11,0,0
BRDA:96,11,1,0
BRDA:111,12,0,0
BRDA:112,13,0,0
BRDA:112,13,1,0
BRDA:114,14,0,0
BRDA:114,14,1,0
BRDA:116,15,0,0
BRDA:116,15,1,0
BRDA:140,16,0,0
BRDA:140,16,1,0
BRDA:148,17,0,0
BRDA:148,17,1,0
BRDA:150,18,0,0
BRDA:150,18,1,0
BRDA:157,19,0,0
BRDA:157,19,1,0
BRDA:158,20,0,0
BRDA:158,20,1,0
BRDA:158,21,0,0
BRDA:158,21,1,0
BRDA:159,22,0,0
BRDA:159,22,1,0
BRDA:159,23,0,0
BRDA:159,23,1,0
BRDA:160,24,0,0
BRDA:160,24,1,0
BRDA:160,25,0,0
BRDA:160,25,1,0
BRDA:176,26,0,0
BRDA:176,26,1,0
BRDA:178,27,0,0
BRDA:178,27,1,0
BRDA:181,28,0,0
BRDA:181,28,1,0
BRDA:193,29,0,0
BRDA:193,29,1,0
BRDA:206,30,0,0
BRDA:206,30,1,0
BRDA:206,31,0,0
BRDA:206,31,1,0
BRDA:210,32,0,0
BRDA:210,32,1,0
BRDA:214,33,0,0
BRDA:214,33,1,0
BRDA:218,34,0,0
BRDA:218,34,1,0
BRDA:233,35,0,0
BRDA:233,35,1,0
BRDA:236,36,0,0
BRDA:236,36,1,0
BRDA:236,37,0,0
BRDA:236,37,1,0
BRDA:238,38,0,0
BRDA:238,38,1,0
BRDA:239,39,0,0
BRDA:239,39,1,0
BRDA:255,40,0,0
BRDA:255,40,1,0
BRDA:255,40,2,0
BRDA:285,41,0,0
BRDA:286,42,0,0
BRDA:286,42,1,0
BRDA:289,43,0,0
BRDA:289,43,1,0
BRDA:301,44,0,0
BRDA:306,45,0,0
BRDA:306,45,1,0
BRDA:306,45,2,0
BRDA:306,45,3,0
BRDA:318,46,0,0
BRDA:318,46,1,0
BRDA:344,47,0,0
BRDA:344,47,1,0
BRDA:357,48,0,0
BRDA:358,49,0,0
BRDA:358,49,1,0
BRDA:359,50,0,0
BRDA:359,50,1,0
BRDA:369,51,0,0
BRDA:369,51,1,0
BRDA:372,52,0,0
BRDA:372,52,1,0
BRDA:380,53,0,0
BRDA:380,53,1,0
BRDA:381,54,0,0
BRDA:381,54,1,0
BRDA:382,55,0,0
BRDA:382,55,1,0
BRDA:383,56,0,0
BRDA:383,56,1,0
BRDA:392,57,0,0
BRDA:401,58,0,0
BRDA:401,58,1,0
BRDA:402,59,0,0
BRDA:402,59,1,0
BRDA:402,60,0,0
BRDA:402,60,1,0
BRDA:408,61,0,0
BRDA:408,61,1,0
BRDA:408,62,0,0
BRDA:408,62,1,0
BRDA:427,63,0,0
BRDA:432,64,0,0
BRDA:432,64,1,0
BRDA:432,65,0,0
BRDA:432,65,1,0
BRDA:433,66,0,0
BRDA:433,66,1,0
BRDA:433,67,0,0
BRDA:433,67,1,0
BRDA:434,68,0,0
BRDA:434,68,1,0
BRDA:434,69,0,0
BRDA:434,69,1,0
BRDA:437,70,0,0
BRDA:437,70,1,0
BRDA:438,71,0,0
BRDA:438,71,1,0
BRDA:440,72,0,0
BRDA:440,72,1,0
BRDA:440,73,0,0
BRDA:440,73,1,0
BRDA:441,74,0,0
BRDA:441,74,1,0
BRDA:441,75,0,0
BRDA:441,75,1,0
BRDA:453,76,0,0
BRDA:453,76,1,0
BRDA:459,77,0,0
BRDA:459,77,1,0
BRDA:474,78,0,0
BRDA:474,78,1,0
BRDA:480,79,0,0
BRDA:480,79,1,0
BRDA:507,80,0,0
BRDA:521,81,0,0
BRDA:536,82,0,0
BRDA:556,83,0,0
BRDA:556,83,1,0
BRDA:556,84,0,0
BRDA:556,84,1,0
BRDA:592,85,0,0
BRDA:592,86,0,0
BRDA:601,87,0,0
BRDA:601,87,1,0
BRDA:613,88,0,0
BRDA:613,88,1,0
BRF:166
BRH:0
end_of_record
TN:
SF:src\renderer\js\utils\modal-manager.js
FN:7,(anonymous_0)
FN:30,(anonymous_1)
FN:43,(anonymous_2)
FN:64,(anonymous_3)
FN:73,(anonymous_4)
FN:82,(anonymous_5)
FN:92,(anonymous_6)
FN:99,(anonymous_7)
FN:139,(anonymous_8)
FN:166,(anonymous_9)
FN:177,(anonymous_10)
FN:213,(anonymous_11)
FN:222,(anonymous_12)
FN:238,(anonymous_13)
FN:245,(anonymous_14)
FN:252,(anonymous_15)
FN:259,(anonymous_16)
FN:269,(anonymous_17)
FN:272,(anonymous_18)
FN:295,(anonymous_19)
FN:297,(anonymous_20)
FN:302,(anonymous_21)
FN:310,(anonymous_22)
FN:319,(anonymous_23)
FN:330,(anonymous_24)
FN:337,(anonymous_25)
FN:351,(anonymous_26)
FN:360,(anonymous_27)
FN:372,(anonymous_28)
FN:374,(anonymous_29)
FN:387,(anonymous_30)
FN:397,(anonymous_31)
FN:405,(anonymous_32)
FNF:33
FNH:0
FNDA:0,(anonymous_0)
FNDA:0,(anonymous_1)
FNDA:0,(anonymous_2)
FNDA:0,(anonymous_3)
FNDA:0,(anonymous_4)
FNDA:0,(anonymous_5)
FNDA:0,(anonymous_6)
FNDA:0,(anonymous_7)
FNDA:0,(anonymous_8)
FNDA:0,(anonymous_9)
FNDA:0,(anonymous_10)
FNDA:0,(anonymous_11)
FNDA:0,(anonymous_12)
FNDA:0,(anonymous_13)
FNDA:0,(anonymous_14)
FNDA:0,(anonymous_15)
FNDA:0,(anonymous_16)
FNDA:0,(anonymous_17)
FNDA:0,(anonymous_18)
FNDA:0,(anonymous_19)
FNDA:0,(anonymous_20)
FNDA:0,(anonymous_21)
FNDA:0,(anonymous_22)
FNDA:0,(anonymous_23)
FNDA:0,(anonymous_24)
FNDA:0,(anonymous_25)
FNDA:0,(anonymous_26)
FNDA:0,(anonymous_27)
FNDA:0,(anonymous_28)
FNDA:0,(anonymous_29)
FNDA:0,(anonymous_30)
FNDA:0,(anonymous_31)
FNDA:0,(anonymous_32)
DA:8,0
DA:10,0
DA:11,0
DA:19,0
DA:20,0
DA:21,0
DA:22,0
DA:31,0
DA:32,0
DA:33,0
DA:36,0
DA:37,0
DA:45,0
DA:46,0
DA:47,0
DA:51,0
DA:52,0
DA:53,0
DA:57,0
DA:58,0
DA:59,0
DA:63,0
DA:64,0
DA:65,0
DA:66,0
DA:72,0
DA:73,0
DA:74,0
DA:75,0
DA:81,0
DA:82,0
DA:83,0
DA:84,0
DA:93,0
DA:100,0
DA:101,0
DA:103,0
DA:104,0
DA:105,0
DA:109,0
DA:112,0
DA:113,0
DA:117,0
DA:118,0
DA:121,0
DA:122,0
DA:126,0
DA:129,0
DA:132,0
DA:140,0
DA:141,0
DA:142,0
DA:146,0
DA:147,0
DA:150,0
DA:151,0
DA:152,0
DA:156,0
DA:159,0
DA:162,0
DA:165,0
DA:166,0
DA:170,0
DA:178,0
DA:179,0
DA:180,0
DA:182,0
DA:183,0
DA:184,0
DA:187,0
DA:190,0
DA:193,0
DA:195,0
DA:196,0
DA:197,0
DA:198,0
DA:200,0
DA:204,0
DA:206,0
DA:214,0
DA:215,0
DA:216,0
DA:223,0
DA:225,0
DA:226,0
DA:228,0
DA:229,0
DA:232,0
DA:239,0
DA:246,0
DA:260,0
DA:261,0
DA:263,0
DA:270,0
DA:272,0
DA:273,0
DA:274,0
DA:275,0
DA:277,0
DA:278,0
DA:279,0
DA:281,0
DA:286,0
DA:287,0
DA:288,0
DA:297,0
DA:298,0
DA:302,0
DA:303,0
DA:311,0
DA:312,0
DA:320,0
DA:321,0
DA:322,0
DA:323,0
DA:331,0
DA:338,0
DA:343,0
DA:344,0
DA:352,0
DA:353,0
DA:361,0
DA:362,0
DA:363,0
DA:364,0
DA:373,0
DA:374,0
DA:375,0
DA:376,0
DA:378,0
DA:388,0
DA:389,0
DA:390,0
DA:398,0
DA:399,0
DA:401,0
DA:406,0
DA:407,0
DA:413,0
DA:414,0
LF:140
LH:0
BRDA:7,0,0,0
BRDA:32,1,0,0
BRDA:32,1,1,0
BRDA:46,2,0,0
BRDA:46,2,1,0
BRDA:52,3,0,0
BRDA:52,3,1,0
BRDA:58,4,0,0
BRDA:58,4,1,0
BRDA:63,5,0,0
BRDA:63,5,1,0
BRDA:65,6,0,0
BRDA:65,6,1,0
BRDA:72,7,0,0
BRDA:72,7,1,0
BRDA:74,8,0,0
BRDA:74,8,1,0
BRDA:74,9,0,0
BRDA:74,9,1,0
BRDA:81,10,0,0
BRDA:81,10,1,0
BRDA:99,11,0,0
BRDA:103,12,0,0
BRDA:103,12,1,0
BRDA:112,13,0,0
BRDA:112,13,1,0
BRDA:121,14,0,0
BRDA:121,14,1,0
BRDA:141,15,0,0
BRDA:141,15,1,0
BRDA:150,16,0,0
BRDA:150,16,1,0
BRDA:165,17,0,0
BRDA:165,17,1,0
BRDA:165,18,0,0
BRDA:165,18,1,0
BRDA:182,19,0,0
BRDA:182,19,1,0
BRDA:195,20,0,0
BRDA:195,20,1,0
BRDA:223,21,0,0
BRDA:223,21,1,0
BRDA:260,22,0,0
BRDA:260,22,1,0
BRDA:273,23,0,0
BRDA:273,23,1,0
BRDA:274,24,0,0
BRDA:274,24,1,0
BRDA:287,25,0,0
BRDA:287,25,1,0
BRDA:311,26,0,0
BRDA:311,26,1,0
BRDA:321,27,0,0
BRDA:321,27,1,0
BRDA:323,28,0,0
BRDA:323,28,1,0
BRDA:343,29,0,0
BRDA:343,29,1,0
BRDA:352,30,0,0
BRDA:352,30,1,0
BRDA:361,31,0,0
BRDA:361,31,1,0
BRDA:363,32,0,0
BRDA:363,32,1,0
BRDA:372,33,0,0
BRDA:373,34,0,0
BRDA:373,34,1,0
BRDA:389,35,0,0
BRDA:389,35,1,0
BRDA:397,36,0,0
BRDA:398,37,0,0
BRDA:398,37,1,0
BRDA:406,38,0,0
BRDA:406,38,1,0
BRDA:413,39,0,0
BRDA:413,39,1,0
BRF:76
BRH:0
end_of_record
TN:
SF:src\renderer\js\utils\performance-optimizer.js
FN:9,(anonymous_0)
FN:40,(anonymous_1)
FN:50,(anonymous_2)
FN:64,(anonymous_3)
FN:67,(anonymous_4)
FN:90,(anonymous_5)
FN:94,(anonymous_6)
FN:95,(anonymous_7)
FN:114,(anonymous_8)
FN:118,(anonymous_9)
FN:119,(anonymous_10)
FN:143,(anonymous_11)
FN:154,(anonymous_12)
FN:165,(anonymous_13)
FN:176,(anonymous_14)
FN:215,(anonymous_15)
FN:222,(anonymous_16)
FN:223,(anonymous_17)
FN:224,(anonymous_18)
FN:225,(anonymous_19)
FN:240,(anonymous_20)
FN:251,executedFunction
FN:255,(anonymous_22)
FN:269,(anonymous_23)
FN:280,(anonymous_24)
FN:285,executedFunction
FN:292,(anonymous_26)
FN:305,(anonymous_27)
FN:312,(anonymous_28)
FN:315,(anonymous_29)
FN:324,(anonymous_30)
FN:334,(anonymous_31)
FN:337,(anonymous_32)
FN:339,(anonymous_33)
FN:342,(anonymous_34)
FN:353,(anonymous_35)
FN:357,(anonymous_36)
FN:370,(anonymous_37)
FN:375,(anonymous_38)
FN:386,(anonymous_39)
FN:411,(anonymous_40)
FN:425,(anonymous_41)
FN:433,(anonymous_42)
FN:454,(anonymous_43)
FN:458,(anonymous_44)
FN:468,(anonymous_45)
FN:469,(anonymous_46)
FN:470,(anonymous_47)
FN:471,(anonymous_48)
FN:486,(anonymous_49)
FN:496,(anonymous_50)
FN:506,(anonymous_51)
FN:508,(anonymous_52)
FN:514,(anonymous_53)
FN:519,(anonymous_54)
FN:530,(anonymous_55)
FNF:56
FNH:0
FNDA:0,(anonymous_0)
FNDA:0,(anonymous_1)
FNDA:0,(anonymous_2)
FNDA:0,(anonymous_3)
FNDA:0,(anonymous_4)
FNDA:0,(anonymous_5)
FNDA:0,(anonymous_6)
FNDA:0,(anonymous_7)
FNDA:0,(anonymous_8)
FNDA:0,(anonymous_9)
FNDA:0,(anonymous_10)
FNDA:0,(anonymous_11)
FNDA:0,(anonymous_12)
FNDA:0,(anonymous_13)
FNDA:0,(anonymous_14)
FNDA:0,(anonymous_15)
FNDA:0,(anonymous_16)
FNDA:0,(anonymous_17)
FNDA:0,(anonymous_18)
FNDA:0,(anonymous_19)
FNDA:0,(anonymous_20)
FNDA:0,executedFunction
FNDA:0,(anonymous_22)
FNDA:0,(anonymous_23)
FNDA:0,(anonymous_24)
FNDA:0,executedFunction
FNDA:0,(anonymous_26)
FNDA:0,(anonymous_27)
FNDA:0,(anonymous_28)
FNDA:0,(anonymous_29)
FNDA:0,(anonymous_30)
FNDA:0,(anonymous_31)
FNDA:0,(anonymous_32)
FNDA:0,(anonymous_33)
FNDA:0,(anonymous_34)
FNDA:0,(anonymous_35)
FNDA:0,(anonymous_36)
FNDA:0,(anonymous_37)
FNDA:0,(anonymous_38)
FNDA:0,(anonymous_39)
FNDA:0,(anonymous_40)
FNDA:0,(anonymous_41)
FNDA:0,(anonymous_42)
FNDA:0,(anonymous_43)
FNDA:0,(anonymous_44)
FNDA:0,(anonymous_45)
FNDA:0,(anonymous_46)
FNDA:0,(anonymous_47)
FNDA:0,(anonymous_48)
FNDA:0,(anonymous_49)
FNDA:0,(anonymous_50)
FNDA:0,(anonymous_51)
FNDA:0,(anonymous_52)
FNDA:0,(anonymous_53)
FNDA:0,(anonymous_54)
FNDA:0,(anonymous_55)
DA:7,0
DA:10,0
DA:11,0
DA:15,0
DA:23,0
DA:31,0
DA:32,0
DA:35,0
DA:37,0
DA:41,0
DA:42,0
DA:44,0
DA:52,0
DA:55,0
DA:58,0
DA:65,0
DA:67,0
DA:68,0
DA:69,0
DA:77,0
DA:78,0
DA:83,0
DA:84,0
DA:91,0
DA:93,0
DA:95,0
DA:96,0
DA:97,0
DA:98,0
DA:100,0
DA:101,0
DA:102,0
DA:115,0
DA:117,0
DA:118,0
DA:119,0
DA:120,0
DA:121,0
DA:124,0
DA:125,0
DA:134,0
DA:136,0
DA:144,0
DA:155,0
DA:166,0
DA:177,0
DA:179,0
DA:180,0
DA:181,0
DA:184,0
DA:185,0
DA:188,0
DA:189,0
DA:195,0
DA:196,0
DA:200,0
DA:201,0
DA:204,0
DA:206,0
DA:207,0
DA:208,0
DA:216,0
DA:223,0
DA:224,0
DA:225,0
DA:226,0
DA:227,0
DA:229,0
DA:232,0
DA:242,0
DA:249,0
DA:251,0
DA:252,0
DA:253,0
DA:255,0
DA:256,0
DA:257,0
DA:260,0
DA:261,0
DA:263,0
DA:265,0
DA:266,0
DA:269,0
DA:270,0
DA:271,0
DA:285,0
DA:286,0
DA:287,0
DA:288,0
DA:289,0
DA:291,0
DA:292,0
DA:293,0
DA:294,0
DA:295,0
DA:306,0
DA:313,0
DA:315,0
DA:316,0
DA:317,0
DA:325,0
DA:335,0
DA:337,0
DA:338,0
DA:339,0
DA:340,0
DA:342,0
DA:350,0
DA:354,0
DA:356,0
DA:357,0
DA:358,0
DA:360,0
DA:371,0
DA:372,0
DA:375,0
DA:376,0
DA:377,0
DA:386,0
DA:387,0
DA:388,0
DA:397,0
DA:398,0
DA:405,0
DA:412,0
DA:413,0
DA:414,0
DA:415,0
DA:416,0
DA:426,0
DA:427,0
DA:434,0
DA:435,0
DA:436,0
DA:437,0
DA:439,0
DA:443,0
DA:444,0
DA:445,0
DA:448,0
DA:455,0
DA:458,0
DA:459,0
DA:462,0
DA:469,0
DA:470,0
DA:471,0
DA:472,0
DA:473,0
DA:475,0
DA:478,0
DA:487,0
DA:497,0
DA:498,0
DA:499,0
DA:500,0
DA:501,0
DA:503,0
DA:507,0
DA:509,0
DA:515,0
DA:516,0
DA:520,0
DA:521,0
DA:523,0
DA:524,0
DA:530,0
DA:531,0
DA:532,0
DA:533,0
DA:538,0
DA:539,0
DA:540,0
DA:541,0
DA:542,0
DA:543,0
DA:545,0
DA:546,0
DA:551,0
DA:556,0
DA:559,0
DA:560,0
DA:561,0
DA:562,0
DA:563,0
LF:185
LH:0
BRDA:10,0,0,0
BRDA:10,0,1,0
BRDA:41,1,0,0
BRDA:41,1,1,0
BRDA:65,2,0,0
BRDA:65,2,1,0
BRDA:77,3,0,0
BRDA:77,3,1,0
BRDA:91,4,0,0
BRDA:91,4,1,0
BRDA:96,5,0,0
BRDA:96,5,1,0
BRDA:100,6,0,0
BRDA:100,6,1,0
BRDA:100,7,0,0
BRDA:100,7,1,0
BRDA:115,8,0,0
BRDA:115,8,1,0
BRDA:120,9,0,0
BRDA:120,9,1,0
BRDA:124,10,0,0
BRDA:124,10,1,0
BRDA:184,11,0,0
BRDA:184,11,1,0
BRDA:195,12,0,0
BRDA:195,12,1,0
BRDA:200,13,0,0
BRDA:200,13,1,0
BRDA:240,14,0,0
BRDA:246,15,0,0
BRDA:247,16,0,0
BRDA:248,17,0,0
BRDA:260,18,0,0
BRDA:260,18,1,0
BRDA:261,19,0,0
BRDA:261,19,1,0
BRDA:265,20,0,0
BRDA:265,20,1,0
BRDA:265,21,0,0
BRDA:265,21,1,0
BRDA:270,22,0,0
BRDA:270,22,1,0
BRDA:270,23,0,0
BRDA:270,23,1,0
BRDA:286,24,0,0
BRDA:286,24,1,0
BRDA:293,25,0,0
BRDA:293,25,1,0
BRDA:313,26,0,0
BRDA:313,26,1,0
BRDA:330,27,0,0
BRDA:330,27,1,0
BRDA:338,28,0,0
BRDA:338,28,1,0
BRDA:354,29,0,0
BRDA:354,29,1,0
BRDA:362,30,0,0
BRDA:362,30,1,0
BRDA:376,31,0,0
BRDA:376,31,1,0
BRDA:387,32,0,0
BRDA:387,32,1,0
BRDA:397,33,0,0
BRDA:397,33,1,0
BRDA:433,34,0,0
BRDA:434,35,0,0
BRDA:434,35,1,0
BRDA:434,36,0,0
BRDA:434,36,1,0
BRDA:436,37,0,0
BRDA:436,37,1,0
BRDA:444,38,0,0
BRDA:444,38,1,0
BRDA:444,39,0,0
BRDA:444,39,1,0
BRDA:531,40,0,0
BRDA:531,40,1,0
BRDA:531,41,0,0
BRDA:531,41,1,0
BRDA:539,42,0,0
BRDA:539,42,1,0
BRDA:539,43,0,0
BRDA:539,43,1,0
BRDA:559,44,0,0
BRDA:559,44,1,0
BRF:85
BRH:0
end_of_record
